2021-12-30 22:08:54 error: uncaughtException: тип Unable to compile TypeScript:
[96msrc/authentication/user.dto.ts[0m:[93m11[0m:[93m1[0m - [91merror[0m[90m TS1434: [0mUnexpected keyword or identifier.

[7m11[0m r  public password: string;
[7m  [0m [91m~[0m

TSError: тип Unable to compile TypeScript:
[96msrc/authentication/user.dto.ts[0m:[93m11[0m:[93m1[0m - [91merror[0m[90m TS1434: [0mUnexpected keyword or identifier.

[7m11[0m r  public password: string;
[7m  [0m [91m~[0m

    at createTSError (/Users/new/Shopify-Test/node_modules/ts-node/src/index.ts:513:12)
    at reportTSError (/Users/new/Shopify-Test/node_modules/ts-node/src/index.ts:517:19)
    at getOutput (/Users/new/Shopify-Test/node_modules/ts-node/src/index.ts:955:34)
    at Object.compile (/Users/new/Shopify-Test/node_modules/ts-node/src/index.ts:968:32)
    at Module.m._compile (/Users/new/Shopify-Test/node_modules/ts-node/src/index.ts:1056:42)
    at Module._extensions..js (node:internal/modules/cjs/loader:1153:10)
    at Object.require.extensions.<computed> [as .ts] (/Users/new/Shopify-Test/node_modules/ts-node/src/index.ts:1059:12)
    at Module.load (node:internal/modules/cjs/loader:981:32)
    at Function.Module._load (node:internal/modules/cjs/loader:822:12)
    at Module.require (node:internal/modules/cjs/loader:1005:19)
2021-12-30 22:15:27 error: uncaughtException: тип Unable to compile TypeScript:
[96msrc/authentication/authentication.controller.ts[0m:[93m32[0m:[93m24[0m - [91merror[0m[90m TS1005: [0m';' expected.

[7m32[0m       response.status());
[7m  [0m [91m                       ~[0m

TSError: тип Unable to compile TypeScript:
[96msrc/authentication/authentication.controller.ts[0m:[93m32[0m:[93m24[0m - [91merror[0m[90m TS1005: [0m';' expected.

[7m32[0m       response.status());
[7m  [0m [91m                       ~[0m

    at createTSError (/Users/new/Shopify-Test/node_modules/ts-node/src/index.ts:513:12)
    at reportTSError (/Users/new/Shopify-Test/node_modules/ts-node/src/index.ts:517:19)
    at getOutput (/Users/new/Shopify-Test/node_modules/ts-node/src/index.ts:955:34)
    at Object.compile (/Users/new/Shopify-Test/node_modules/ts-node/src/index.ts:968:32)
    at Module.m._compile (/Users/new/Shopify-Test/node_modules/ts-node/src/index.ts:1056:42)
    at Module._extensions..js (node:internal/modules/cjs/loader:1153:10)
    at Object.require.extensions.<computed> [as .ts] (/Users/new/Shopify-Test/node_modules/ts-node/src/index.ts:1059:12)
    at Module.load (node:internal/modules/cjs/loader:981:32)
    at Function.Module._load (node:internal/modules/cjs/loader:822:12)
    at Module.require (node:internal/modules/cjs/loader:1005:19)
2021-12-30 22:15:36 error: uncaughtException: тип Unable to compile TypeScript:
[96msrc/authentication/authentication.controller.ts[0m:[93m32[0m:[93m28[0m - [91merror[0m[90m TS1003: [0mIdentifier expected.

[7m32[0m       response.status(200).;
[7m  [0m [91m                           ~[0m

TSError: тип Unable to compile TypeScript:
[96msrc/authentication/authentication.controller.ts[0m:[93m32[0m:[93m28[0m - [91merror[0m[90m TS1003: [0mIdentifier expected.

[7m32[0m       response.status(200).;
[7m  [0m [91m                           ~[0m

    at createTSError (/Users/new/Shopify-Test/node_modules/ts-node/src/index.ts:513:12)
    at reportTSError (/Users/new/Shopify-Test/node_modules/ts-node/src/index.ts:517:19)
    at getOutput (/Users/new/Shopify-Test/node_modules/ts-node/src/index.ts:955:34)
    at Object.compile (/Users/new/Shopify-Test/node_modules/ts-node/src/index.ts:968:32)
    at Module.m._compile (/Users/new/Shopify-Test/node_modules/ts-node/src/index.ts:1056:42)
    at Module._extensions..js (node:internal/modules/cjs/loader:1153:10)
    at Object.require.extensions.<computed> [as .ts] (/Users/new/Shopify-Test/node_modules/ts-node/src/index.ts:1059:12)
    at Module.load (node:internal/modules/cjs/loader:981:32)
    at Function.Module._load (node:internal/modules/cjs/loader:822:12)
    at Module.require (node:internal/modules/cjs/loader:1005:19)
2021-12-30 22:15:40 error: uncaughtException: тип Unable to compile TypeScript:
[96msrc/authentication/authentication.controller.ts[0m:[93m32[0m:[93m28[0m - [91merror[0m[90m TS1003: [0mIdentifier expected.

[7m32[0m       response.status(201).;
[7m  [0m [91m                           ~[0m

TSError: тип Unable to compile TypeScript:
[96msrc/authentication/authentication.controller.ts[0m:[93m32[0m:[93m28[0m - [91merror[0m[90m TS1003: [0mIdentifier expected.

[7m32[0m       response.status(201).;
[7m  [0m [91m                           ~[0m

    at createTSError (/Users/new/Shopify-Test/node_modules/ts-node/src/index.ts:513:12)
    at reportTSError (/Users/new/Shopify-Test/node_modules/ts-node/src/index.ts:517:19)
    at getOutput (/Users/new/Shopify-Test/node_modules/ts-node/src/index.ts:955:34)
    at Object.compile (/Users/new/Shopify-Test/node_modules/ts-node/src/index.ts:968:32)
    at Module.m._compile (/Users/new/Shopify-Test/node_modules/ts-node/src/index.ts:1056:42)
    at Module._extensions..js (node:internal/modules/cjs/loader:1153:10)
    at Object.require.extensions.<computed> [as .ts] (/Users/new/Shopify-Test/node_modules/ts-node/src/index.ts:1059:12)
    at Module.load (node:internal/modules/cjs/loader:981:32)
    at Function.Module._load (node:internal/modules/cjs/loader:822:12)
    at Module.require (node:internal/modules/cjs/loader:1005:19)
2021-12-30 22:15:53 error: uncaughtException: тип Unable to compile TypeScript:
[96msrc/authentication/authentication.controller.ts[0m:[93m32[0m:[93m39[0m - [91merror[0m[90m TS1005: [0m':' expected.

[7m32[0m       response.status(201).json({"msg"});
[7m  [0m [91m                                      ~[0m

TSError: тип Unable to compile TypeScript:
[96msrc/authentication/authentication.controller.ts[0m:[93m32[0m:[93m39[0m - [91merror[0m[90m TS1005: [0m':' expected.

[7m32[0m       response.status(201).json({"msg"});
[7m  [0m [91m                                      ~[0m

    at createTSError (/Users/new/Shopify-Test/node_modules/ts-node/src/index.ts:513:12)
    at reportTSError (/Users/new/Shopify-Test/node_modules/ts-node/src/index.ts:517:19)
    at getOutput (/Users/new/Shopify-Test/node_modules/ts-node/src/index.ts:955:34)
    at Object.compile (/Users/new/Shopify-Test/node_modules/ts-node/src/index.ts:968:32)
    at Module.m._compile (/Users/new/Shopify-Test/node_modules/ts-node/src/index.ts:1056:42)
    at Module._extensions..js (node:internal/modules/cjs/loader:1153:10)
    at Object.require.extensions.<computed> [as .ts] (/Users/new/Shopify-Test/node_modules/ts-node/src/index.ts:1059:12)
    at Module.load (node:internal/modules/cjs/loader:981:32)
    at Function.Module._load (node:internal/modules/cjs/loader:822:12)
    at Module.require (node:internal/modules/cjs/loader:1005:19)
2021-12-30 22:15:55 error: uncaughtException: тип Unable to compile TypeScript:
[96msrc/authentication/authentication.controller.ts[0m:[93m32[0m:[93m40[0m - [91merror[0m[90m TS1109: [0mExpression expected.

[7m32[0m       response.status(201).json({"msg":});
[7m  [0m [91m                                       ~[0m

TSError: тип Unable to compile TypeScript:
[96msrc/authentication/authentication.controller.ts[0m:[93m32[0m:[93m40[0m - [91merror[0m[90m TS1109: [0mExpression expected.

[7m32[0m       response.status(201).json({"msg":});
[7m  [0m [91m                                       ~[0m

    at createTSError (/Users/new/Shopify-Test/node_modules/ts-node/src/index.ts:513:12)
    at reportTSError (/Users/new/Shopify-Test/node_modules/ts-node/src/index.ts:517:19)
    at getOutput (/Users/new/Shopify-Test/node_modules/ts-node/src/index.ts:955:34)
    at Object.compile (/Users/new/Shopify-Test/node_modules/ts-node/src/index.ts:968:32)
    at Module.m._compile (/Users/new/Shopify-Test/node_modules/ts-node/src/index.ts:1056:42)
    at Module._extensions..js (node:internal/modules/cjs/loader:1153:10)
    at Object.require.extensions.<computed> [as .ts] (/Users/new/Shopify-Test/node_modules/ts-node/src/index.ts:1059:12)
    at Module.load (node:internal/modules/cjs/loader:981:32)
    at Function.Module._load (node:internal/modules/cjs/loader:822:12)
    at Module.require (node:internal/modules/cjs/loader:1005:19)
2021-12-30 22:16:07 error: uncaughtException: тип Unable to compile TypeScript:
[96msrc/authentication/authentication.controller.ts[0m:[93m39[0m:[93m41[0m - [91merror[0m[90m TS1434: [0mUnexpected keyword or identifier.

[7m39[0m export default AuthenticationController;user created
[7m  [0m [91m                                        ~~~~[0m

TSError: тип Unable to compile TypeScript:
[96msrc/authentication/authentication.controller.ts[0m:[93m39[0m:[93m41[0m - [91merror[0m[90m TS1434: [0mUnexpected keyword or identifier.

[7m39[0m export default AuthenticationController;user created
[7m  [0m [91m                                        ~~~~[0m

    at createTSError (/Users/new/Shopify-Test/node_modules/ts-node/src/index.ts:513:12)
    at reportTSError (/Users/new/Shopify-Test/node_modules/ts-node/src/index.ts:517:19)
    at getOutput (/Users/new/Shopify-Test/node_modules/ts-node/src/index.ts:955:34)
    at Object.compile (/Users/new/Shopify-Test/node_modules/ts-node/src/index.ts:968:32)
    at Module.m._compile (/Users/new/Shopify-Test/node_modules/ts-node/src/index.ts:1056:42)
    at Module._extensions..js (node:internal/modules/cjs/loader:1153:10)
    at Object.require.extensions.<computed> [as .ts] (/Users/new/Shopify-Test/node_modules/ts-node/src/index.ts:1059:12)
    at Module.load (node:internal/modules/cjs/loader:981:32)
    at Function.Module._load (node:internal/modules/cjs/loader:822:12)
    at Module.require (node:internal/modules/cjs/loader:1005:19)
2021-12-30 22:16:09 error: uncaughtException: тип Unable to compile TypeScript:
[96msrc/authentication/authentication.controller.ts[0m:[93m32[0m:[93m40[0m - [91merror[0m[90m TS1109: [0mExpression expected.

[7m32[0m       response.status(201).json({"msg":});
[7m  [0m [91m                                       ~[0m

TSError: тип Unable to compile TypeScript:
[96msrc/authentication/authentication.controller.ts[0m:[93m32[0m:[93m40[0m - [91merror[0m[90m TS1109: [0mExpression expected.

[7m32[0m       response.status(201).json({"msg":});
[7m  [0m [91m                                       ~[0m

    at createTSError (/Users/new/Shopify-Test/node_modules/ts-node/src/index.ts:513:12)
    at reportTSError (/Users/new/Shopify-Test/node_modules/ts-node/src/index.ts:517:19)
    at getOutput (/Users/new/Shopify-Test/node_modules/ts-node/src/index.ts:955:34)
    at Object.compile (/Users/new/Shopify-Test/node_modules/ts-node/src/index.ts:968:32)
    at Module.m._compile (/Users/new/Shopify-Test/node_modules/ts-node/src/index.ts:1056:42)
    at Module._extensions..js (node:internal/modules/cjs/loader:1153:10)
    at Object.require.extensions.<computed> [as .ts] (/Users/new/Shopify-Test/node_modules/ts-node/src/index.ts:1059:12)
    at Module.load (node:internal/modules/cjs/loader:981:32)
    at Function.Module._load (node:internal/modules/cjs/loader:822:12)
    at Module.require (node:internal/modules/cjs/loader:1005:19)
2021-12-30 22:21:35 error: uncaughtException: тип Unable to compile TypeScript:
[96msrc/utils/utils.ts[0m:[93m26[0m:[93m1[0m - [91merror[0m[90m TS1128: [0mDeclaration or statement expected.

[7m26[0m export
[7m  [0m [91m~~~~~~[0m

TSError: тип Unable to compile TypeScript:
[96msrc/utils/utils.ts[0m:[93m26[0m:[93m1[0m - [91merror[0m[90m TS1128: [0mDeclaration or statement expected.

[7m26[0m export
[7m  [0m [91m~~~~~~[0m

    at createTSError (/Users/new/Shopify-Test/node_modules/ts-node/src/index.ts:513:12)
    at reportTSError (/Users/new/Shopify-Test/node_modules/ts-node/src/index.ts:517:19)
    at getOutput (/Users/new/Shopify-Test/node_modules/ts-node/src/index.ts:955:34)
    at Object.compile (/Users/new/Shopify-Test/node_modules/ts-node/src/index.ts:968:32)
    at Module.m._compile (/Users/new/Shopify-Test/node_modules/ts-node/src/index.ts:1056:42)
    at Module._extensions..js (node:internal/modules/cjs/loader:1153:10)
    at Object.require.extensions.<computed> [as .ts] (/Users/new/Shopify-Test/node_modules/ts-node/src/index.ts:1059:12)
    at Module.load (node:internal/modules/cjs/loader:981:32)
    at Function.Module._load (node:internal/modules/cjs/loader:822:12)
    at Module.require (node:internal/modules/cjs/loader:1005:19)
2021-12-30 22:21:50 error: uncaughtException: тип Unable to compile TypeScript:
[96msrc/utils/utils.ts[0m:[93m26[0m:[93m30[0m - [91merror[0m[90m TS1005: [0m',' expected.

[7m26[0m export const CreateAlgoWallet()
[7m  [0m [91m                             ~[0m
[96msrc/utils/utils.ts[0m:[93m26[0m:[93m31[0m - [91merror[0m[90m TS1109: [0mExpression expected.

[7m26[0m export const CreateAlgoWallet()
[7m  [0m [91m                              ~[0m

TSError: тип Unable to compile TypeScript:
[96msrc/utils/utils.ts[0m:[93m26[0m:[93m30[0m - [91merror[0m[90m TS1005: [0m',' expected.

[7m26[0m export const CreateAlgoWallet()
[7m  [0m [91m                             ~[0m
[96msrc/utils/utils.ts[0m:[93m26[0m:[93m31[0m - [91merror[0m[90m TS1109: [0mExpression expected.

[7m26[0m export const CreateAlgoWallet()
[7m  [0m [91m                              ~[0m

    at createTSError (/Users/new/Shopify-Test/node_modules/ts-node/src/index.ts:513:12)
    at reportTSError (/Users/new/Shopify-Test/node_modules/ts-node/src/index.ts:517:19)
    at getOutput (/Users/new/Shopify-Test/node_modules/ts-node/src/index.ts:955:34)
    at Object.compile (/Users/new/Shopify-Test/node_modules/ts-node/src/index.ts:968:32)
    at Module.m._compile (/Users/new/Shopify-Test/node_modules/ts-node/src/index.ts:1056:42)
    at Module._extensions..js (node:internal/modules/cjs/loader:1153:10)
    at Object.require.extensions.<computed> [as .ts] (/Users/new/Shopify-Test/node_modules/ts-node/src/index.ts:1059:12)
    at Module.load (node:internal/modules/cjs/loader:981:32)
    at Function.Module._load (node:internal/modules/cjs/loader:822:12)
    at Module.require (node:internal/modules/cjs/loader:1005:19)
2021-12-30 22:21:51 error: uncaughtException: тип Unable to compile TypeScript:
[96msrc/utils/utils.ts[0m:[93m26[0m:[93m32[0m - [91merror[0m[90m TS1109: [0mExpression expected.

[7m26[0m export const CreateAlgoWallet=()
[7m  [0m [91m                               ~[0m

TSError: тип Unable to compile TypeScript:
[96msrc/utils/utils.ts[0m:[93m26[0m:[93m32[0m - [91merror[0m[90m TS1109: [0mExpression expected.

[7m26[0m export const CreateAlgoWallet=()
[7m  [0m [91m                               ~[0m

    at createTSError (/Users/new/Shopify-Test/node_modules/ts-node/src/index.ts:513:12)
    at reportTSError (/Users/new/Shopify-Test/node_modules/ts-node/src/index.ts:517:19)
    at getOutput (/Users/new/Shopify-Test/node_modules/ts-node/src/index.ts:955:34)
    at Object.compile (/Users/new/Shopify-Test/node_modules/ts-node/src/index.ts:968:32)
    at Module.m._compile (/Users/new/Shopify-Test/node_modules/ts-node/src/index.ts:1056:42)
    at Module._extensions..js (node:internal/modules/cjs/loader:1153:10)
    at Object.require.extensions.<computed> [as .ts] (/Users/new/Shopify-Test/node_modules/ts-node/src/index.ts:1059:12)
    at Module.load (node:internal/modules/cjs/loader:981:32)
    at Function.Module._load (node:internal/modules/cjs/loader:822:12)
    at Module.require (node:internal/modules/cjs/loader:1005:19)
2021-12-30 22:21:53 error: uncaughtException: тип Unable to compile TypeScript:
[96msrc/utils/utils.ts[0m:[93m26[0m:[93m32[0m - [91merror[0m[90m TS1109: [0mExpression expected.

[7m26[0m export const CreateAlgoWallet=()=
[7m  [0m [91m                               ~[0m
[96msrc/utils/utils.ts[0m:[93m26[0m:[93m34[0m - [91merror[0m[90m TS1109: [0mExpression expected.

[7m26[0m export const CreateAlgoWallet=()=
[7m  [0m [91m                                 [0m

TSError: тип Unable to compile TypeScript:
[96msrc/utils/utils.ts[0m:[93m26[0m:[93m32[0m - [91merror[0m[90m TS1109: [0mExpression expected.

[7m26[0m export const CreateAlgoWallet=()=
[7m  [0m [91m                               ~[0m
[96msrc/utils/utils.ts[0m:[93m26[0m:[93m34[0m - [91merror[0m[90m TS1109: [0mExpression expected.

[7m26[0m export const CreateAlgoWallet=()=
[7m  [0m [91m                                 [0m

    at createTSError (/Users/new/Shopify-Test/node_modules/ts-node/src/index.ts:513:12)
    at reportTSError (/Users/new/Shopify-Test/node_modules/ts-node/src/index.ts:517:19)
    at getOutput (/Users/new/Shopify-Test/node_modules/ts-node/src/index.ts:955:34)
    at Object.compile (/Users/new/Shopify-Test/node_modules/ts-node/src/index.ts:968:32)
    at Module.m._compile (/Users/new/Shopify-Test/node_modules/ts-node/src/index.ts:1056:42)
    at Module._extensions..js (node:internal/modules/cjs/loader:1153:10)
    at Object.require.extensions.<computed> [as .ts] (/Users/new/Shopify-Test/node_modules/ts-node/src/index.ts:1059:12)
    at Module.load (node:internal/modules/cjs/loader:981:32)
    at Function.Module._load (node:internal/modules/cjs/loader:822:12)
    at Module.require (node:internal/modules/cjs/loader:1005:19)
2021-12-30 22:34:30 error: uncaughtException: тип Unable to compile TypeScript:
[96msrc/utils/utils.ts[0m:[93m28[0m:[93m20[0m - [91merror[0m[90m TS1110: [0mType expected.

[7m28[0m   const Algorand : = await generateWallet(Currency.ALGO,true);
[7m  [0m [91m                   ~[0m

TSError: тип Unable to compile TypeScript:
[96msrc/utils/utils.ts[0m:[93m28[0m:[93m20[0m - [91merror[0m[90m TS1110: [0mType expected.

[7m28[0m   const Algorand : = await generateWallet(Currency.ALGO,true);
[7m  [0m [91m                   ~[0m

    at createTSError (/Users/new/Shopify-Test/node_modules/ts-node/src/index.ts:513:12)
    at reportTSError (/Users/new/Shopify-Test/node_modules/ts-node/src/index.ts:517:19)
    at getOutput (/Users/new/Shopify-Test/node_modules/ts-node/src/index.ts:955:34)
    at Object.compile (/Users/new/Shopify-Test/node_modules/ts-node/src/index.ts:968:32)
    at Module.m._compile (/Users/new/Shopify-Test/node_modules/ts-node/src/index.ts:1056:42)
    at Module._extensions..js (node:internal/modules/cjs/loader:1153:10)
    at Object.require.extensions.<computed> [as .ts] (/Users/new/Shopify-Test/node_modules/ts-node/src/index.ts:1059:12)
    at Module.load (node:internal/modules/cjs/loader:981:32)
    at Function.Module._load (node:internal/modules/cjs/loader:822:12)
    at Module.require (node:internal/modules/cjs/loader:1005:19)
2021-12-30 22:34:34 error: uncaughtException: тип Unable to compile TypeScript:
[96msrc/utils/utils.ts[0m:[93m28[0m:[93m20[0m - [91merror[0m[90m TS1110: [0mType expected.

[7m28[0m   const Algorand : = await generateWallet(Currency.ALGO,true);
[7m  [0m [91m                   ~[0m

TSError: тип Unable to compile TypeScript:
[96msrc/utils/utils.ts[0m:[93m28[0m:[93m20[0m - [91merror[0m[90m TS1110: [0mType expected.

[7m28[0m   const Algorand : = await generateWallet(Currency.ALGO,true);
[7m  [0m [91m                   ~[0m

    at createTSError (/Users/new/Shopify-Test/node_modules/ts-node/src/index.ts:513:12)
    at reportTSError (/Users/new/Shopify-Test/node_modules/ts-node/src/index.ts:517:19)
    at getOutput (/Users/new/Shopify-Test/node_modules/ts-node/src/index.ts:955:34)
    at Object.compile (/Users/new/Shopify-Test/node_modules/ts-node/src/index.ts:968:32)
    at Module.m._compile (/Users/new/Shopify-Test/node_modules/ts-node/src/index.ts:1056:42)
    at Module._extensions..js (node:internal/modules/cjs/loader:1153:10)
    at Object.require.extensions.<computed> [as .ts] (/Users/new/Shopify-Test/node_modules/ts-node/src/index.ts:1059:12)
    at Module.load (node:internal/modules/cjs/loader:981:32)
    at Function.Module._load (node:internal/modules/cjs/loader:822:12)
    at Module.require (node:internal/modules/cjs/loader:1005:19)
2021-12-30 22:34:38 error: uncaughtException: тип Unable to compile TypeScript:
[96msrc/utils/utils.ts[0m:[93m30[0m:[93m20[0m - [91merror[0m[90m TS1110: [0mType expected.

[7m30[0m   const Algorand : = await generateWallet(Currency.ALGO,true);
[7m  [0m [91m                   ~[0m

TSError: тип Unable to compile TypeScript:
[96msrc/utils/utils.ts[0m:[93m30[0m:[93m20[0m - [91merror[0m[90m TS1110: [0mType expected.

[7m30[0m   const Algorand : = await generateWallet(Currency.ALGO,true);
[7m  [0m [91m                   ~[0m

    at createTSError (/Users/new/Shopify-Test/node_modules/ts-node/src/index.ts:513:12)
    at reportTSError (/Users/new/Shopify-Test/node_modules/ts-node/src/index.ts:517:19)
    at getOutput (/Users/new/Shopify-Test/node_modules/ts-node/src/index.ts:955:34)
    at Object.compile (/Users/new/Shopify-Test/node_modules/ts-node/src/index.ts:968:32)
    at Module.m._compile (/Users/new/Shopify-Test/node_modules/ts-node/src/index.ts:1056:42)
    at Module._extensions..js (node:internal/modules/cjs/loader:1153:10)
    at Object.require.extensions.<computed> [as .ts] (/Users/new/Shopify-Test/node_modules/ts-node/src/index.ts:1059:12)
    at Module.load (node:internal/modules/cjs/loader:981:32)
    at Function.Module._load (node:internal/modules/cjs/loader:822:12)
    at Module.require (node:internal/modules/cjs/loader:1005:19)
2021-12-30 22:36:22 error: uncaughtException: тип Unable to compile TypeScript:
[96msrc/utils/utils.ts[0m:[93m30[0m:[93m20[0m - [91merror[0m[90m TS1110: [0mType expected.

[7m30[0m   const Algorand : = await generateWallet(Currency.ALGO,true);
[7m  [0m [91m                   ~[0m

TSError: тип Unable to compile TypeScript:
[96msrc/utils/utils.ts[0m:[93m30[0m:[93m20[0m - [91merror[0m[90m TS1110: [0mType expected.

[7m30[0m   const Algorand : = await generateWallet(Currency.ALGO,true);
[7m  [0m [91m                   ~[0m

    at createTSError (/Users/new/Shopify-Test/node_modules/ts-node/src/index.ts:513:12)
    at reportTSError (/Users/new/Shopify-Test/node_modules/ts-node/src/index.ts:517:19)
    at getOutput (/Users/new/Shopify-Test/node_modules/ts-node/src/index.ts:955:34)
    at Object.compile (/Users/new/Shopify-Test/node_modules/ts-node/src/index.ts:968:32)
    at Module.m._compile (/Users/new/Shopify-Test/node_modules/ts-node/src/index.ts:1056:42)
    at Module._extensions..js (node:internal/modules/cjs/loader:1153:10)
    at Object.require.extensions.<computed> [as .ts] (/Users/new/Shopify-Test/node_modules/ts-node/src/index.ts:1059:12)
    at Module.load (node:internal/modules/cjs/loader:981:32)
    at Function.Module._load (node:internal/modules/cjs/loader:822:12)
    at Module.require (node:internal/modules/cjs/loader:1005:19)
2021-12-30 22:36:24 error: uncaughtException: тип Unable to compile TypeScript:
[96msrc/utils/utils.ts[0m:[93m30[0m:[93m20[0m - [91merror[0m[90m TS1110: [0mType expected.

[7m30[0m   const Algorand : = await generateWallet(Currency.ALGO,true);
[7m  [0m [91m                   ~[0m

TSError: тип Unable to compile TypeScript:
[96msrc/utils/utils.ts[0m:[93m30[0m:[93m20[0m - [91merror[0m[90m TS1110: [0mType expected.

[7m30[0m   const Algorand : = await generateWallet(Currency.ALGO,true);
[7m  [0m [91m                   ~[0m

    at createTSError (/Users/new/Shopify-Test/node_modules/ts-node/src/index.ts:513:12)
    at reportTSError (/Users/new/Shopify-Test/node_modules/ts-node/src/index.ts:517:19)
    at getOutput (/Users/new/Shopify-Test/node_modules/ts-node/src/index.ts:955:34)
    at Object.compile (/Users/new/Shopify-Test/node_modules/ts-node/src/index.ts:968:32)
    at Module.m._compile (/Users/new/Shopify-Test/node_modules/ts-node/src/index.ts:1056:42)
    at Module._extensions..js (node:internal/modules/cjs/loader:1153:10)
    at Object.require.extensions.<computed> [as .ts] (/Users/new/Shopify-Test/node_modules/ts-node/src/index.ts:1059:12)
    at Module.load (node:internal/modules/cjs/loader:981:32)
    at Function.Module._load (node:internal/modules/cjs/loader:822:12)
    at Module.require (node:internal/modules/cjs/loader:1005:19)
2021-12-30 22:36:27 error: uncaughtException: тип Unable to compile TypeScript:
[96msrc/utils/utils.ts[0m:[93m31[0m:[93m20[0m - [91merror[0m[90m TS1110: [0mType expected.

[7m31[0m   const Algorand : = await generateWallet(Currency.ALGO,true);
[7m  [0m [91m                   ~[0m

TSError: тип Unable to compile TypeScript:
[96msrc/utils/utils.ts[0m:[93m31[0m:[93m20[0m - [91merror[0m[90m TS1110: [0mType expected.

[7m31[0m   const Algorand : = await generateWallet(Currency.ALGO,true);
[7m  [0m [91m                   ~[0m

    at createTSError (/Users/new/Shopify-Test/node_modules/ts-node/src/index.ts:513:12)
    at reportTSError (/Users/new/Shopify-Test/node_modules/ts-node/src/index.ts:517:19)
    at getOutput (/Users/new/Shopify-Test/node_modules/ts-node/src/index.ts:955:34)
    at Object.compile (/Users/new/Shopify-Test/node_modules/ts-node/src/index.ts:968:32)
    at Module.m._compile (/Users/new/Shopify-Test/node_modules/ts-node/src/index.ts:1056:42)
    at Module._extensions..js (node:internal/modules/cjs/loader:1153:10)
    at Object.require.extensions.<computed> [as .ts] (/Users/new/Shopify-Test/node_modules/ts-node/src/index.ts:1059:12)
    at Module.load (node:internal/modules/cjs/loader:981:32)
    at Function.Module._load (node:internal/modules/cjs/loader:822:12)
    at Module.require (node:internal/modules/cjs/loader:1005:19)
2021-12-30 22:36:52 error: uncaughtException: тип Unable to compile TypeScript:
[96msrc/utils/utils.ts[0m:[93m28[0m:[93m16[0m - [91merror[0m[90m TS1110: [0mType expected.

[7m28[0m      mnemonic: ... ,
[7m  [0m [91m               ~~~[0m
[96msrc/utils/utils.ts[0m:[93m28[0m:[93m20[0m - [91merror[0m[90m TS1131: [0mProperty or signature expected.

[7m28[0m      mnemonic: ... ,
[7m  [0m [91m                   ~[0m
[96msrc/utils/utils.ts[0m:[93m29[0m:[93m11[0m - [91merror[0m[90m TS1110: [0mType expected.

[7m29[0m     xpub: ...
[7m  [0m [91m          ~~~[0m
[96msrc/utils/utils.ts[0m:[93m32[0m:[93m20[0m - [91merror[0m[90m TS1110: [0mType expected.

[7m32[0m   const Algorand : = await generateWallet(Currency.ALGO,true);
[7m  [0m [91m                   ~[0m

TSError: тип Unable to compile TypeScript:
[96msrc/utils/utils.ts[0m:[93m28[0m:[93m16[0m - [91merror[0m[90m TS1110: [0mType expected.

[7m28[0m      mnemonic: ... ,
[7m  [0m [91m               ~~~[0m
[96msrc/utils/utils.ts[0m:[93m28[0m:[93m20[0m - [91merror[0m[90m TS1131: [0mProperty or signature expected.

[7m28[0m      mnemonic: ... ,
[7m  [0m [91m                   ~[0m
[96msrc/utils/utils.ts[0m:[93m29[0m:[93m11[0m - [91merror[0m[90m TS1110: [0mType expected.

[7m29[0m     xpub: ...
[7m  [0m [91m          ~~~[0m
[96msrc/utils/utils.ts[0m:[93m32[0m:[93m20[0m - [91merror[0m[90m TS1110: [0mType expected.

[7m32[0m   const Algorand : = await generateWallet(Currency.ALGO,true);
[7m  [0m [91m                   ~[0m

    at createTSError (/Users/new/Shopify-Test/node_modules/ts-node/src/index.ts:513:12)
    at reportTSError (/Users/new/Shopify-Test/node_modules/ts-node/src/index.ts:517:19)
    at getOutput (/Users/new/Shopify-Test/node_modules/ts-node/src/index.ts:955:34)
    at Object.compile (/Users/new/Shopify-Test/node_modules/ts-node/src/index.ts:968:32)
    at Module.m._compile (/Users/new/Shopify-Test/node_modules/ts-node/src/index.ts:1056:42)
    at Module._extensions..js (node:internal/modules/cjs/loader:1153:10)
    at Object.require.extensions.<computed> [as .ts] (/Users/new/Shopify-Test/node_modules/ts-node/src/index.ts:1059:12)
    at Module.load (node:internal/modules/cjs/loader:981:32)
    at Function.Module._load (node:internal/modules/cjs/loader:822:12)
    at Module.require (node:internal/modules/cjs/loader:1005:19)
2021-12-30 22:36:56 error: uncaughtException: тип Unable to compile TypeScript:
[96msrc/utils/utils.ts[0m:[93m27[0m:[93m16[0m - [91merror[0m[90m TS1110: [0mType expected.

[7m27[0m      mnemonic: ... ,
[7m  [0m [91m               ~~~[0m
[96msrc/utils/utils.ts[0m:[93m27[0m:[93m20[0m - [91merror[0m[90m TS1131: [0mProperty or signature expected.

[7m27[0m      mnemonic: ... ,
[7m  [0m [91m                   ~[0m
[96msrc/utils/utils.ts[0m:[93m28[0m:[93m11[0m - [91merror[0m[90m TS1110: [0mType expected.

[7m28[0m     xpub: ...
[7m  [0m [91m          ~~~[0m
[96msrc/utils/utils.ts[0m:[93m31[0m:[93m20[0m - [91merror[0m[90m TS1110: [0mType expected.

[7m31[0m   const Algorand : = await generateWallet(Currency.ALGO,true);
[7m  [0m [91m                   ~[0m

TSError: тип Unable to compile TypeScript:
[96msrc/utils/utils.ts[0m:[93m27[0m:[93m16[0m - [91merror[0m[90m TS1110: [0mType expected.

[7m27[0m      mnemonic: ... ,
[7m  [0m [91m               ~~~[0m
[96msrc/utils/utils.ts[0m:[93m27[0m:[93m20[0m - [91merror[0m[90m TS1131: [0mProperty or signature expected.

[7m27[0m      mnemonic: ... ,
[7m  [0m [91m                   ~[0m
[96msrc/utils/utils.ts[0m:[93m28[0m:[93m11[0m - [91merror[0m[90m TS1110: [0mType expected.

[7m28[0m     xpub: ...
[7m  [0m [91m          ~~~[0m
[96msrc/utils/utils.ts[0m:[93m31[0m:[93m20[0m - [91merror[0m[90m TS1110: [0mType expected.

[7m31[0m   const Algorand : = await generateWallet(Currency.ALGO,true);
[7m  [0m [91m                   ~[0m

    at createTSError (/Users/new/Shopify-Test/node_modules/ts-node/src/index.ts:513:12)
    at reportTSError (/Users/new/Shopify-Test/node_modules/ts-node/src/index.ts:517:19)
    at getOutput (/Users/new/Shopify-Test/node_modules/ts-node/src/index.ts:955:34)
    at Object.compile (/Users/new/Shopify-Test/node_modules/ts-node/src/index.ts:968:32)
    at Module.m._compile (/Users/new/Shopify-Test/node_modules/ts-node/src/index.ts:1056:42)
    at Module._extensions..js (node:internal/modules/cjs/loader:1153:10)
    at Object.require.extensions.<computed> [as .ts] (/Users/new/Shopify-Test/node_modules/ts-node/src/index.ts:1059:12)
    at Module.load (node:internal/modules/cjs/loader:981:32)
    at Function.Module._load (node:internal/modules/cjs/loader:822:12)
    at Module.require (node:internal/modules/cjs/loader:1005:19)
2021-12-30 22:37:00 error: uncaughtException: тип Unable to compile TypeScript:
[96msrc/utils/utils.ts[0m:[93m28[0m:[93m11[0m - [91merror[0m[90m TS1110: [0mType expected.

[7m28[0m     xpub: ...
[7m  [0m [91m          ~~~[0m
[96msrc/utils/utils.ts[0m:[93m31[0m:[93m20[0m - [91merror[0m[90m TS1110: [0mType expected.

[7m31[0m   const Algorand : = await generateWallet(Currency.ALGO,true);
[7m  [0m [91m                   ~[0m

TSError: тип Unable to compile TypeScript:
[96msrc/utils/utils.ts[0m:[93m28[0m:[93m11[0m - [91merror[0m[90m TS1110: [0mType expected.

[7m28[0m     xpub: ...
[7m  [0m [91m          ~~~[0m
[96msrc/utils/utils.ts[0m:[93m31[0m:[93m20[0m - [91merror[0m[90m TS1110: [0mType expected.

[7m31[0m   const Algorand : = await generateWallet(Currency.ALGO,true);
[7m  [0m [91m                   ~[0m

    at createTSError (/Users/new/Shopify-Test/node_modules/ts-node/src/index.ts:513:12)
    at reportTSError (/Users/new/Shopify-Test/node_modules/ts-node/src/index.ts:517:19)
    at getOutput (/Users/new/Shopify-Test/node_modules/ts-node/src/index.ts:955:34)
    at Object.compile (/Users/new/Shopify-Test/node_modules/ts-node/src/index.ts:968:32)
    at Module.m._compile (/Users/new/Shopify-Test/node_modules/ts-node/src/index.ts:1056:42)
    at Module._extensions..js (node:internal/modules/cjs/loader:1153:10)
    at Object.require.extensions.<computed> [as .ts] (/Users/new/Shopify-Test/node_modules/ts-node/src/index.ts:1059:12)
    at Module.load (node:internal/modules/cjs/loader:981:32)
    at Function.Module._load (node:internal/modules/cjs/loader:822:12)
    at Module.require (node:internal/modules/cjs/loader:1005:19)
2021-12-30 22:37:02 error: uncaughtException: тип Unable to compile TypeScript:
[96msrc/utils/utils.ts[0m:[93m31[0m:[93m20[0m - [91merror[0m[90m TS1110: [0mType expected.

[7m31[0m   const Algorand : = await generateWallet(Currency.ALGO,true);
[7m  [0m [91m                   ~[0m

TSError: тип Unable to compile TypeScript:
[96msrc/utils/utils.ts[0m:[93m31[0m:[93m20[0m - [91merror[0m[90m TS1110: [0mType expected.

[7m31[0m   const Algorand : = await generateWallet(Currency.ALGO,true);
[7m  [0m [91m                   ~[0m

    at createTSError (/Users/new/Shopify-Test/node_modules/ts-node/src/index.ts:513:12)
    at reportTSError (/Users/new/Shopify-Test/node_modules/ts-node/src/index.ts:517:19)
    at getOutput (/Users/new/Shopify-Test/node_modules/ts-node/src/index.ts:955:34)
    at Object.compile (/Users/new/Shopify-Test/node_modules/ts-node/src/index.ts:968:32)
    at Module.m._compile (/Users/new/Shopify-Test/node_modules/ts-node/src/index.ts:1056:42)
    at Module._extensions..js (node:internal/modules/cjs/loader:1153:10)
    at Object.require.extensions.<computed> [as .ts] (/Users/new/Shopify-Test/node_modules/ts-node/src/index.ts:1059:12)
    at Module.load (node:internal/modules/cjs/loader:981:32)
    at Function.Module._load (node:internal/modules/cjs/loader:822:12)
    at Module.require (node:internal/modules/cjs/loader:1005:19)
2021-12-30 22:37:07 error: uncaughtException: тип Unable to compile TypeScript:
[96msrc/utils/utils.ts[0m:[93m31[0m:[93m20[0m - [91merror[0m[90m TS1110: [0mType expected.

[7m31[0m   const Algorand : = await generateWallet(Currency.ALGO,true);
[7m  [0m [91m                   ~[0m

TSError: тип Unable to compile TypeScript:
[96msrc/utils/utils.ts[0m:[93m31[0m:[93m20[0m - [91merror[0m[90m TS1110: [0mType expected.

[7m31[0m   const Algorand : = await generateWallet(Currency.ALGO,true);
[7m  [0m [91m                   ~[0m

    at createTSError (/Users/new/Shopify-Test/node_modules/ts-node/src/index.ts:513:12)
    at reportTSError (/Users/new/Shopify-Test/node_modules/ts-node/src/index.ts:517:19)
    at getOutput (/Users/new/Shopify-Test/node_modules/ts-node/src/index.ts:955:34)
    at Object.compile (/Users/new/Shopify-Test/node_modules/ts-node/src/index.ts:968:32)
    at Module.m._compile (/Users/new/Shopify-Test/node_modules/ts-node/src/index.ts:1056:42)
    at Module._extensions..js (node:internal/modules/cjs/loader:1153:10)
    at Object.require.extensions.<computed> [as .ts] (/Users/new/Shopify-Test/node_modules/ts-node/src/index.ts:1059:12)
    at Module.load (node:internal/modules/cjs/loader:981:32)
    at Function.Module._load (node:internal/modules/cjs/loader:822:12)
    at Module.require (node:internal/modules/cjs/loader:1005:19)
2021-12-30 22:37:09 error: uncaughtException: тип Unable to compile TypeScript:
[96msrc/utils/utils.ts[0m:[93m31[0m:[93m20[0m - [91merror[0m[90m TS1110: [0mType expected.

[7m31[0m   const Algorand : = await generateWallet(Currency.ALGO,true);
[7m  [0m [91m                   ~[0m

TSError: тип Unable to compile TypeScript:
[96msrc/utils/utils.ts[0m:[93m31[0m:[93m20[0m - [91merror[0m[90m TS1110: [0mType expected.

[7m31[0m   const Algorand : = await generateWallet(Currency.ALGO,true);
[7m  [0m [91m                   ~[0m

    at createTSError (/Users/new/Shopify-Test/node_modules/ts-node/src/index.ts:513:12)
    at reportTSError (/Users/new/Shopify-Test/node_modules/ts-node/src/index.ts:517:19)
    at getOutput (/Users/new/Shopify-Test/node_modules/ts-node/src/index.ts:955:34)
    at Object.compile (/Users/new/Shopify-Test/node_modules/ts-node/src/index.ts:968:32)
    at Module.m._compile (/Users/new/Shopify-Test/node_modules/ts-node/src/index.ts:1056:42)
    at Module._extensions..js (node:internal/modules/cjs/loader:1153:10)
    at Object.require.extensions.<computed> [as .ts] (/Users/new/Shopify-Test/node_modules/ts-node/src/index.ts:1059:12)
    at Module.load (node:internal/modules/cjs/loader:981:32)
    at Function.Module._load (node:internal/modules/cjs/loader:822:12)
    at Module.require (node:internal/modules/cjs/loader:1005:19)
2021-12-30 22:38:21 error: uncaughtException: тип Unable to compile TypeScript:
[96msrc/utils/utils.ts[0m:[93m28[0m:[93m6[0m - [91merror[0m[90m TS1131: [0mProperty or signature expected.

[7m28[0m      { address: string; privateKey: string; } }
[7m  [0m [91m     ~[0m
[96msrc/utils/utils.ts[0m:[93m28[0m:[93m47[0m - [91merror[0m[90m TS1128: [0mDeclaration or statement expected.

[7m28[0m      { address: string; privateKey: string; } }
[7m  [0m [91m                                              ~[0m

TSError: тип Unable to compile TypeScript:
[96msrc/utils/utils.ts[0m:[93m28[0m:[93m6[0m - [91merror[0m[90m TS1131: [0mProperty or signature expected.

[7m28[0m      { address: string; privateKey: string; } }
[7m  [0m [91m     ~[0m
[96msrc/utils/utils.ts[0m:[93m28[0m:[93m47[0m - [91merror[0m[90m TS1128: [0mDeclaration or statement expected.

[7m28[0m      { address: string; privateKey: string; } }
[7m  [0m [91m                                              ~[0m

    at createTSError (/Users/new/Shopify-Test/node_modules/ts-node/src/index.ts:513:12)
    at reportTSError (/Users/new/Shopify-Test/node_modules/ts-node/src/index.ts:517:19)
    at getOutput (/Users/new/Shopify-Test/node_modules/ts-node/src/index.ts:955:34)
    at Object.compile (/Users/new/Shopify-Test/node_modules/ts-node/src/index.ts:968:32)
    at Module.m._compile (/Users/new/Shopify-Test/node_modules/ts-node/src/index.ts:1056:42)
    at Module._extensions..js (node:internal/modules/cjs/loader:1153:10)
    at Object.require.extensions.<computed> [as .ts] (/Users/new/Shopify-Test/node_modules/ts-node/src/index.ts:1059:12)
    at Module.load (node:internal/modules/cjs/loader:981:32)
    at Function.Module._load (node:internal/modules/cjs/loader:822:12)
    at Module.require (node:internal/modules/cjs/loader:1005:19)
2021-12-30 22:38:24 error: uncaughtException: тип Unable to compile TypeScript:
[96msrc/utils/utils.ts[0m:[93m28[0m:[93m45[0m - [91merror[0m[90m TS1128: [0mDeclaration or statement expected.

[7m28[0m      address: string; privateKey: string; } }
[7m  [0m [91m                                            ~[0m

TSError: тип Unable to compile TypeScript:
[96msrc/utils/utils.ts[0m:[93m28[0m:[93m45[0m - [91merror[0m[90m TS1128: [0mDeclaration or statement expected.

[7m28[0m      address: string; privateKey: string; } }
[7m  [0m [91m                                            ~[0m

    at createTSError (/Users/new/Shopify-Test/node_modules/ts-node/src/index.ts:513:12)
    at reportTSError (/Users/new/Shopify-Test/node_modules/ts-node/src/index.ts:517:19)
    at getOutput (/Users/new/Shopify-Test/node_modules/ts-node/src/index.ts:955:34)
    at Object.compile (/Users/new/Shopify-Test/node_modules/ts-node/src/index.ts:968:32)
    at Module.m._compile (/Users/new/Shopify-Test/node_modules/ts-node/src/index.ts:1056:42)
    at Module._extensions..js (node:internal/modules/cjs/loader:1153:10)
    at Object.require.extensions.<computed> [as .ts] (/Users/new/Shopify-Test/node_modules/ts-node/src/index.ts:1059:12)
    at Module.load (node:internal/modules/cjs/loader:981:32)
    at Function.Module._load (node:internal/modules/cjs/loader:822:12)
    at Module.require (node:internal/modules/cjs/loader:1005:19)
2021-12-30 22:38:26 error: uncaughtException: тип Unable to compile TypeScript:
[96msrc/utils/utils.ts[0m:[93m29[0m:[93m28[0m - [91merror[0m[90m TS1128: [0mDeclaration or statement expected.

[7m29[0m      privateKey: string; } }
[7m  [0m [91m                           ~[0m

TSError: тип Unable to compile TypeScript:
[96msrc/utils/utils.ts[0m:[93m29[0m:[93m28[0m - [91merror[0m[90m TS1128: [0mDeclaration or statement expected.

[7m29[0m      privateKey: string; } }
[7m  [0m [91m                           ~[0m

    at createTSError (/Users/new/Shopify-Test/node_modules/ts-node/src/index.ts:513:12)
    at reportTSError (/Users/new/Shopify-Test/node_modules/ts-node/src/index.ts:517:19)
    at getOutput (/Users/new/Shopify-Test/node_modules/ts-node/src/index.ts:955:34)
    at Object.compile (/Users/new/Shopify-Test/node_modules/ts-node/src/index.ts:968:32)
    at Module.m._compile (/Users/new/Shopify-Test/node_modules/ts-node/src/index.ts:1056:42)
    at Module._extensions..js (node:internal/modules/cjs/loader:1153:10)
    at Object.require.extensions.<computed> [as .ts] (/Users/new/Shopify-Test/node_modules/ts-node/src/index.ts:1059:12)
    at Module.load (node:internal/modules/cjs/loader:981:32)
    at Function.Module._load (node:internal/modules/cjs/loader:822:12)
    at Module.require (node:internal/modules/cjs/loader:1005:19)
2021-12-30 22:41:14 error: uncaughtException: тип Unable to compile TypeScript:
[96msrc/utils/utils.ts[0m:[93m31[0m:[93m49[0m - [91merror[0m[90m TS1135: [0mArgument expression expected.

[7m31[0m   const Algorand: Wallet = await generateWallet(,Currency.ALGO, true);
[7m  [0m [91m                                                ~[0m

TSError: тип Unable to compile TypeScript:
[96msrc/utils/utils.ts[0m:[93m31[0m:[93m49[0m - [91merror[0m[90m TS1135: [0mArgument expression expected.

[7m31[0m   const Algorand: Wallet = await generateWallet(,Currency.ALGO, true);
[7m  [0m [91m                                                ~[0m

    at createTSError (/Users/new/Shopify-Test/node_modules/ts-node/src/index.ts:513:12)
    at reportTSError (/Users/new/Shopify-Test/node_modules/ts-node/src/index.ts:517:19)
    at getOutput (/Users/new/Shopify-Test/node_modules/ts-node/src/index.ts:955:34)
    at Object.compile (/Users/new/Shopify-Test/node_modules/ts-node/src/index.ts:968:32)
    at Module.m._compile (/Users/new/Shopify-Test/node_modules/ts-node/src/index.ts:1056:42)
    at Module._extensions..js (node:internal/modules/cjs/loader:1153:10)
    at Object.require.extensions.<computed> [as .ts] (/Users/new/Shopify-Test/node_modules/ts-node/src/index.ts:1059:12)
    at Module.load (node:internal/modules/cjs/loader:981:32)
    at Function.Module._load (node:internal/modules/cjs/loader:822:12)
    at Module.require (node:internal/modules/cjs/loader:1005:19)
2021-12-30 22:41:20 error: uncaughtException: тип Unable to compile TypeScript:
[96msrc/utils/utils.ts[0m:[93m31[0m:[93m49[0m - [91merror[0m[90m TS1135: [0mArgument expression expected.

[7m31[0m   const Algorand: Wallet = await generateWallet(,Currency.ALGO, true);
[7m  [0m [91m                                                ~[0m

TSError: тип Unable to compile TypeScript:
[96msrc/utils/utils.ts[0m:[93m31[0m:[93m49[0m - [91merror[0m[90m TS1135: [0mArgument expression expected.

[7m31[0m   const Algorand: Wallet = await generateWallet(,Currency.ALGO, true);
[7m  [0m [91m                                                ~[0m

    at createTSError (/Users/new/Shopify-Test/node_modules/ts-node/src/index.ts:513:12)
    at reportTSError (/Users/new/Shopify-Test/node_modules/ts-node/src/index.ts:517:19)
    at getOutput (/Users/new/Shopify-Test/node_modules/ts-node/src/index.ts:955:34)
    at Object.compile (/Users/new/Shopify-Test/node_modules/ts-node/src/index.ts:968:32)
    at Module.m._compile (/Users/new/Shopify-Test/node_modules/ts-node/src/index.ts:1056:42)
    at Module._extensions..js (node:internal/modules/cjs/loader:1153:10)
    at Object.require.extensions.<computed> [as .ts] (/Users/new/Shopify-Test/node_modules/ts-node/src/index.ts:1059:12)
    at Module.load (node:internal/modules/cjs/loader:981:32)
    at Function.Module._load (node:internal/modules/cjs/loader:822:12)
    at Module.require (node:internal/modules/cjs/loader:1005:19)
2021-12-30 22:41:25 error: uncaughtException: тип Unable to compile TypeScript:
[96msrc/utils/utils.ts[0m:[93m31[0m:[93m49[0m - [91merror[0m[90m TS1135: [0mArgument expression expected.

[7m31[0m   const Algorand: Wallet = await generateWallet(,Currency.ALGO, true);
[7m  [0m [91m                                                ~[0m

TSError: тип Unable to compile TypeScript:
[96msrc/utils/utils.ts[0m:[93m31[0m:[93m49[0m - [91merror[0m[90m TS1135: [0mArgument expression expected.

[7m31[0m   const Algorand: Wallet = await generateWallet(,Currency.ALGO, true);
[7m  [0m [91m                                                ~[0m

    at createTSError (/Users/new/Shopify-Test/node_modules/ts-node/src/index.ts:513:12)
    at reportTSError (/Users/new/Shopify-Test/node_modules/ts-node/src/index.ts:517:19)
    at getOutput (/Users/new/Shopify-Test/node_modules/ts-node/src/index.ts:955:34)
    at Object.compile (/Users/new/Shopify-Test/node_modules/ts-node/src/index.ts:968:32)
    at Module.m._compile (/Users/new/Shopify-Test/node_modules/ts-node/src/index.ts:1056:42)
    at Module._extensions..js (node:internal/modules/cjs/loader:1153:10)
    at Object.require.extensions.<computed> [as .ts] (/Users/new/Shopify-Test/node_modules/ts-node/src/index.ts:1059:12)
    at Module.load (node:internal/modules/cjs/loader:981:32)
    at Function.Module._load (node:internal/modules/cjs/loader:822:12)
    at Module.require (node:internal/modules/cjs/loader:1005:19)
2021-12-30 22:41:31 error: uncaughtException: тип Unable to compile TypeScript:
[96msrc/utils/utils.ts[0m:[93m31[0m:[93m49[0m - [91merror[0m[90m TS1135: [0mArgument expression expected.

[7m31[0m   const Algorand: Wallet = await generateWallet(,Currency.ALGO, true);
[7m  [0m [91m                                                ~[0m

TSError: тип Unable to compile TypeScript:
[96msrc/utils/utils.ts[0m:[93m31[0m:[93m49[0m - [91merror[0m[90m TS1135: [0mArgument expression expected.

[7m31[0m   const Algorand: Wallet = await generateWallet(,Currency.ALGO, true);
[7m  [0m [91m                                                ~[0m

    at createTSError (/Users/new/Shopify-Test/node_modules/ts-node/src/index.ts:513:12)
    at reportTSError (/Users/new/Shopify-Test/node_modules/ts-node/src/index.ts:517:19)
    at getOutput (/Users/new/Shopify-Test/node_modules/ts-node/src/index.ts:955:34)
    at Object.compile (/Users/new/Shopify-Test/node_modules/ts-node/src/index.ts:968:32)
    at Module.m._compile (/Users/new/Shopify-Test/node_modules/ts-node/src/index.ts:1056:42)
    at Module._extensions..js (node:internal/modules/cjs/loader:1153:10)
    at Object.require.extensions.<computed> [as .ts] (/Users/new/Shopify-Test/node_modules/ts-node/src/index.ts:1059:12)
    at Module.load (node:internal/modules/cjs/loader:981:32)
    at Function.Module._load (node:internal/modules/cjs/loader:822:12)
    at Module.require (node:internal/modules/cjs/loader:1005:19)
2021-12-30 22:42:59 error: uncaughtException: тип Unable to compile TypeScript:
[96msrc/utils/utils.ts[0m:[93m31[0m:[93m49[0m - [91merror[0m[90m TS1135: [0mArgument expression expected.

[7m31[0m   const Algorand: Wallet = await generateWallet(,Currency.ALGO, true);
[7m  [0m [91m                                                ~[0m

TSError: тип Unable to compile TypeScript:
[96msrc/utils/utils.ts[0m:[93m31[0m:[93m49[0m - [91merror[0m[90m TS1135: [0mArgument expression expected.

[7m31[0m   const Algorand: Wallet = await generateWallet(,Currency.ALGO, true);
[7m  [0m [91m                                                ~[0m

    at createTSError (/Users/new/Shopify-Test/node_modules/ts-node/src/index.ts:513:12)
    at reportTSError (/Users/new/Shopify-Test/node_modules/ts-node/src/index.ts:517:19)
    at getOutput (/Users/new/Shopify-Test/node_modules/ts-node/src/index.ts:955:34)
    at Object.compile (/Users/new/Shopify-Test/node_modules/ts-node/src/index.ts:968:32)
    at Module.m._compile (/Users/new/Shopify-Test/node_modules/ts-node/src/index.ts:1056:42)
    at Module._extensions..js (node:internal/modules/cjs/loader:1153:10)
    at Object.require.extensions.<computed> [as .ts] (/Users/new/Shopify-Test/node_modules/ts-node/src/index.ts:1059:12)
    at Module.load (node:internal/modules/cjs/loader:981:32)
    at Function.Module._load (node:internal/modules/cjs/loader:822:12)
    at Module.require (node:internal/modules/cjs/loader:1005:19)
2021-12-30 22:46:36 error: uncaughtException: exp is not defined
ReferenceError: exp is not defined
    at Object.<anonymous> (/Users/new/Shopify-Test/src/utils/utils.ts:29:1)
    at Module._compile (node:internal/modules/cjs/loader:1101:14)
    at Module.m._compile (/Users/new/Shopify-Test/node_modules/ts-node/src/index.ts:1056:23)
    at Module._extensions..js (node:internal/modules/cjs/loader:1153:10)
    at Object.require.extensions.<computed> [as .ts] (/Users/new/Shopify-Test/node_modules/ts-node/src/index.ts:1059:12)
    at Module.load (node:internal/modules/cjs/loader:981:32)
    at Function.Module._load (node:internal/modules/cjs/loader:822:12)
    at Module.require (node:internal/modules/cjs/loader:1005:19)
    at require (node:internal/modules/cjs/helpers:102:18)
    at Object.<anonymous> (/Users/new/Shopify-Test/src/authentication/auth.service.ts:8:1)
    at Module._compile (node:internal/modules/cjs/loader:1101:14)
    at Module.m._compile (/Users/new/Shopify-Test/node_modules/ts-node/src/index.ts:1056:23)
    at Module._extensions..js (node:internal/modules/cjs/loader:1153:10)
    at Object.require.extensions.<computed> [as .ts] (/Users/new/Shopify-Test/node_modules/ts-node/src/index.ts:1059:12)
    at Module.load (node:internal/modules/cjs/loader:981:32)
    at Function.Module._load (node:internal/modules/cjs/loader:822:12)
2021-12-30 22:46:40 error: uncaughtException: тип Unable to compile TypeScript:
[96msrc/utils/utils.ts[0m:[93m29[0m:[93m21[0m - [91merror[0m[90m TS1005: [0m',' expected.

[7m29[0m export const Memonic()
[7m  [0m [91m                    ~[0m
[96msrc/utils/utils.ts[0m:[93m29[0m:[93m22[0m - [91merror[0m[90m TS1109: [0mExpression expected.

[7m29[0m export const Memonic()
[7m  [0m [91m                     ~[0m

TSError: тип Unable to compile TypeScript:
[96msrc/utils/utils.ts[0m:[93m29[0m:[93m21[0m - [91merror[0m[90m TS1005: [0m',' expected.

[7m29[0m export const Memonic()
[7m  [0m [91m                    ~[0m
[96msrc/utils/utils.ts[0m:[93m29[0m:[93m22[0m - [91merror[0m[90m TS1109: [0mExpression expected.

[7m29[0m export const Memonic()
[7m  [0m [91m                     ~[0m

    at createTSError (/Users/new/Shopify-Test/node_modules/ts-node/src/index.ts:513:12)
    at reportTSError (/Users/new/Shopify-Test/node_modules/ts-node/src/index.ts:517:19)
    at getOutput (/Users/new/Shopify-Test/node_modules/ts-node/src/index.ts:955:34)
    at Object.compile (/Users/new/Shopify-Test/node_modules/ts-node/src/index.ts:968:32)
    at Module.m._compile (/Users/new/Shopify-Test/node_modules/ts-node/src/index.ts:1056:42)
    at Module._extensions..js (node:internal/modules/cjs/loader:1153:10)
    at Object.require.extensions.<computed> [as .ts] (/Users/new/Shopify-Test/node_modules/ts-node/src/index.ts:1059:12)
    at Module.load (node:internal/modules/cjs/loader:981:32)
    at Function.Module._load (node:internal/modules/cjs/loader:822:12)
    at Module.require (node:internal/modules/cjs/loader:1005:19)
2021-12-30 22:46:42 error: uncaughtException: тип Unable to compile TypeScript:
[96msrc/utils/utils.ts[0m:[93m29[0m:[93m23[0m - [91merror[0m[90m TS1109: [0mExpression expected.

[7m29[0m export const Memonic=()
[7m  [0m [91m                      ~[0m

TSError: тип Unable to compile TypeScript:
[96msrc/utils/utils.ts[0m:[93m29[0m:[93m23[0m - [91merror[0m[90m TS1109: [0mExpression expected.

[7m29[0m export const Memonic=()
[7m  [0m [91m                      ~[0m

    at createTSError (/Users/new/Shopify-Test/node_modules/ts-node/src/index.ts:513:12)
    at reportTSError (/Users/new/Shopify-Test/node_modules/ts-node/src/index.ts:517:19)
    at getOutput (/Users/new/Shopify-Test/node_modules/ts-node/src/index.ts:955:34)
    at Object.compile (/Users/new/Shopify-Test/node_modules/ts-node/src/index.ts:968:32)
    at Module.m._compile (/Users/new/Shopify-Test/node_modules/ts-node/src/index.ts:1056:42)
    at Module._extensions..js (node:internal/modules/cjs/loader:1153:10)
    at Object.require.extensions.<computed> [as .ts] (/Users/new/Shopify-Test/node_modules/ts-node/src/index.ts:1059:12)
    at Module.load (node:internal/modules/cjs/loader:981:32)
    at Function.Module._load (node:internal/modules/cjs/loader:822:12)
    at Module.require (node:internal/modules/cjs/loader:1005:19)
2021-12-30 22:50:54 error: uncaughtException: тип Unable to compile TypeScript:
[96msrc/utils/utils.ts[0m:[93m3[0m:[93m1[0m - [91merror[0m[90m TS1005: [0m'=' expected.

[7m3[0m var bip39 = require('bip39')
[7m [0m [91m~~~[0m

TSError: тип Unable to compile TypeScript:
[96msrc/utils/utils.ts[0m:[93m3[0m:[93m1[0m - [91merror[0m[90m TS1005: [0m'=' expected.

[7m3[0m var bip39 = require('bip39')
[7m [0m [91m~~~[0m

    at createTSError (/Users/new/Shopify-Test/node_modules/ts-node/src/index.ts:513:12)
    at reportTSError (/Users/new/Shopify-Test/node_modules/ts-node/src/index.ts:517:19)
    at getOutput (/Users/new/Shopify-Test/node_modules/ts-node/src/index.ts:955:34)
    at Object.compile (/Users/new/Shopify-Test/node_modules/ts-node/src/index.ts:968:32)
    at Module.m._compile (/Users/new/Shopify-Test/node_modules/ts-node/src/index.ts:1056:42)
    at Module._extensions..js (node:internal/modules/cjs/loader:1153:10)
    at Object.require.extensions.<computed> [as .ts] (/Users/new/Shopify-Test/node_modules/ts-node/src/index.ts:1059:12)
    at Module.load (node:internal/modules/cjs/loader:981:32)
    at Function.Module._load (node:internal/modules/cjs/loader:822:12)
    at Module.require (node:internal/modules/cjs/loader:1005:19)
2021-12-30 22:51:04 error: uncaughtException: bip39 is not defined
ReferenceError: bip39 is not defined
    at Object.<anonymous> (/Users/new/Shopify-Test/src/utils/utils.ts:3:18)
    at Module._compile (node:internal/modules/cjs/loader:1101:14)
    at Module.m._compile (/Users/new/Shopify-Test/node_modules/ts-node/src/index.ts:1056:23)
    at Module._extensions..js (node:internal/modules/cjs/loader:1153:10)
    at Object.require.extensions.<computed> [as .ts] (/Users/new/Shopify-Test/node_modules/ts-node/src/index.ts:1059:12)
    at Module.load (node:internal/modules/cjs/loader:981:32)
    at Function.Module._load (node:internal/modules/cjs/loader:822:12)
    at Module.require (node:internal/modules/cjs/loader:1005:19)
    at require (node:internal/modules/cjs/helpers:102:18)
    at Object.<anonymous> (/Users/new/Shopify-Test/src/authentication/auth.service.ts:8:1)
    at Module._compile (node:internal/modules/cjs/loader:1101:14)
    at Module.m._compile (/Users/new/Shopify-Test/node_modules/ts-node/src/index.ts:1056:23)
    at Module._extensions..js (node:internal/modules/cjs/loader:1153:10)
    at Object.require.extensions.<computed> [as .ts] (/Users/new/Shopify-Test/node_modules/ts-node/src/index.ts:1059:12)
    at Module.load (node:internal/modules/cjs/loader:981:32)
    at Function.Module._load (node:internal/modules/cjs/loader:822:12)
2021-12-30 22:51:53 error: uncaughtException: тип Unable to compile TypeScript:
[96msrc/utils/utils.ts[0m:[93m28[0m:[93m20[0m - [91merror[0m[90m TS1109: [0mExpression expected.

[7m28[0m   const mnemonic = .generateMnemonic();
[7m  [0m [91m                   ~[0m

TSError: тип Unable to compile TypeScript:
[96msrc/utils/utils.ts[0m:[93m28[0m:[93m20[0m - [91merror[0m[90m TS1109: [0mExpression expected.

[7m28[0m   const mnemonic = .generateMnemonic();
[7m  [0m [91m                   ~[0m

    at createTSError (/Users/new/Shopify-Test/node_modules/ts-node/src/index.ts:513:12)
    at reportTSError (/Users/new/Shopify-Test/node_modules/ts-node/src/index.ts:517:19)
    at getOutput (/Users/new/Shopify-Test/node_modules/ts-node/src/index.ts:955:34)
    at Object.compile (/Users/new/Shopify-Test/node_modules/ts-node/src/index.ts:968:32)
    at Module.m._compile (/Users/new/Shopify-Test/node_modules/ts-node/src/index.ts:1056:42)
    at Module._extensions..js (node:internal/modules/cjs/loader:1153:10)
    at Object.require.extensions.<computed> [as .ts] (/Users/new/Shopify-Test/node_modules/ts-node/src/index.ts:1059:12)
    at Module.load (node:internal/modules/cjs/loader:981:32)
    at Function.Module._load (node:internal/modules/cjs/loader:822:12)
    at Module.require (node:internal/modules/cjs/loader:1005:19)
2021-12-30 22:53:18 error: uncaughtException: тип Unable to compile TypeScript:
[96msrc/utils/utils.ts[0m:[93m33[0m:[93m17[0m - [91merror[0m[90m TS1005: [0m',' expected.

[7m33[0m   const address generateAddressFromPrivatekey
[7m  [0m [91m                ~~~~~~~~~~~~~~~~~~~~~~~~~~~~~[0m

TSError: тип Unable to compile TypeScript:
[96msrc/utils/utils.ts[0m:[93m33[0m:[93m17[0m - [91merror[0m[90m TS1005: [0m',' expected.

[7m33[0m   const address generateAddressFromPrivatekey
[7m  [0m [91m                ~~~~~~~~~~~~~~~~~~~~~~~~~~~~~[0m

    at createTSError (/Users/new/Shopify-Test/node_modules/ts-node/src/index.ts:513:12)
    at reportTSError (/Users/new/Shopify-Test/node_modules/ts-node/src/index.ts:517:19)
    at getOutput (/Users/new/Shopify-Test/node_modules/ts-node/src/index.ts:955:34)
    at Object.compile (/Users/new/Shopify-Test/node_modules/ts-node/src/index.ts:968:32)
    at Module.m._compile (/Users/new/Shopify-Test/node_modules/ts-node/src/index.ts:1056:42)
    at Module._extensions..js (node:internal/modules/cjs/loader:1153:10)
    at Object.require.extensions.<computed> [as .ts] (/Users/new/Shopify-Test/node_modules/ts-node/src/index.ts:1059:12)
    at Module.load (node:internal/modules/cjs/loader:981:32)
    at Function.Module._load (node:internal/modules/cjs/loader:822:12)
    at Module.require (node:internal/modules/cjs/loader:1005:19)
2021-12-30 22:53:30 error: uncaughtException: тип Unable to compile TypeScript:
[96msrc/utils/utils.ts[0m:[93m33[0m:[93m64[0m - [91merror[0m[90m TS1003: [0mIdentifier expected.

[7m33[0m   const address = await generateAddressFromPrivatekey(Algorand.)
[7m  [0m [91m                                                               ~[0m

TSError: тип Unable to compile TypeScript:
[96msrc/utils/utils.ts[0m:[93m33[0m:[93m64[0m - [91merror[0m[90m TS1003: [0mIdentifier expected.

[7m33[0m   const address = await generateAddressFromPrivatekey(Algorand.)
[7m  [0m [91m                                                               ~[0m

    at createTSError (/Users/new/Shopify-Test/node_modules/ts-node/src/index.ts:513:12)
    at reportTSError (/Users/new/Shopify-Test/node_modules/ts-node/src/index.ts:517:19)
    at getOutput (/Users/new/Shopify-Test/node_modules/ts-node/src/index.ts:955:34)
    at Object.compile (/Users/new/Shopify-Test/node_modules/ts-node/src/index.ts:968:32)
    at Module.m._compile (/Users/new/Shopify-Test/node_modules/ts-node/src/index.ts:1056:42)
    at Module._extensions..js (node:internal/modules/cjs/loader:1153:10)
    at Object.require.extensions.<computed> [as .ts] (/Users/new/Shopify-Test/node_modules/ts-node/src/index.ts:1059:12)
    at Module.load (node:internal/modules/cjs/loader:981:32)
    at Function.Module._load (node:internal/modules/cjs/loader:822:12)
    at Module.require (node:internal/modules/cjs/loader:1005:19)
2021-12-30 22:56:19 error: uncaughtException: тип Unable to compile TypeScript:
[96msrc/utils/utils.ts[0m:[93m37[0m:[93m3[0m - [91merror[0m[90m TS1109: [0mExpression expected.

[7m37[0m   const Algorand = await generateAlgoWallet(mnemonic);
[7m  [0m [91m  ~~~~~[0m

TSError: тип Unable to compile TypeScript:
[96msrc/utils/utils.ts[0m:[93m37[0m:[93m3[0m - [91merror[0m[90m TS1109: [0mExpression expected.

[7m37[0m   const Algorand = await generateAlgoWallet(mnemonic);
[7m  [0m [91m  ~~~~~[0m

    at createTSError (/Users/new/Shopify-Test/node_modules/ts-node/src/index.ts:513:12)
    at reportTSError (/Users/new/Shopify-Test/node_modules/ts-node/src/index.ts:517:19)
    at getOutput (/Users/new/Shopify-Test/node_modules/ts-node/src/index.ts:955:34)
    at Object.compile (/Users/new/Shopify-Test/node_modules/ts-node/src/index.ts:968:32)
    at Module.m._compile (/Users/new/Shopify-Test/node_modules/ts-node/src/index.ts:1056:42)
    at Module._extensions..js (node:internal/modules/cjs/loader:1153:10)
    at Object.require.extensions.<computed> [as .ts] (/Users/new/Shopify-Test/node_modules/ts-node/src/index.ts:1059:12)
    at Module.load (node:internal/modules/cjs/loader:981:32)
    at Function.Module._load (node:internal/modules/cjs/loader:822:12)
    at Module.require (node:internal/modules/cjs/loader:1005:19)
2021-12-30 22:57:04 error: uncaughtException: тип Unable to compile TypeScript:
[96msrc/utils/utils.ts[0m:[93m42[0m:[93m3[0m - [91merror[0m[90m TS1005: [0m':' expected.

[7m42[0m   };
[7m  [0m [91m  ~[0m

TSError: тип Unable to compile TypeScript:
[96msrc/utils/utils.ts[0m:[93m42[0m:[93m3[0m - [91merror[0m[90m TS1005: [0m':' expected.

[7m42[0m   };
[7m  [0m [91m  ~[0m

    at createTSError (/Users/new/Shopify-Test/node_modules/ts-node/src/index.ts:513:12)
    at reportTSError (/Users/new/Shopify-Test/node_modules/ts-node/src/index.ts:517:19)
    at getOutput (/Users/new/Shopify-Test/node_modules/ts-node/src/index.ts:955:34)
    at Object.compile (/Users/new/Shopify-Test/node_modules/ts-node/src/index.ts:968:32)
    at Module.m._compile (/Users/new/Shopify-Test/node_modules/ts-node/src/index.ts:1056:42)
    at Module._extensions..js (node:internal/modules/cjs/loader:1153:10)
    at Object.require.extensions.<computed> [as .ts] (/Users/new/Shopify-Test/node_modules/ts-node/src/index.ts:1059:12)
    at Module.load (node:internal/modules/cjs/loader:981:32)
    at Function.Module._load (node:internal/modules/cjs/loader:822:12)
    at Module.require (node:internal/modules/cjs/loader:1005:19)
2021-12-30 22:57:11 error: uncaughtException: тип Unable to compile TypeScript:
[96msrc/utils/utils.ts[0m:[93m42[0m:[93m3[0m - [91merror[0m[90m TS1005: [0m':' expected.

[7m42[0m   };
[7m  [0m [91m  ~[0m

TSError: тип Unable to compile TypeScript:
[96msrc/utils/utils.ts[0m:[93m42[0m:[93m3[0m - [91merror[0m[90m TS1005: [0m':' expected.

[7m42[0m   };
[7m  [0m [91m  ~[0m

    at createTSError (/Users/new/Shopify-Test/node_modules/ts-node/src/index.ts:513:12)
    at reportTSError (/Users/new/Shopify-Test/node_modules/ts-node/src/index.ts:517:19)
    at getOutput (/Users/new/Shopify-Test/node_modules/ts-node/src/index.ts:955:34)
    at Object.compile (/Users/new/Shopify-Test/node_modules/ts-node/src/index.ts:968:32)
    at Module.m._compile (/Users/new/Shopify-Test/node_modules/ts-node/src/index.ts:1056:42)
    at Module._extensions..js (node:internal/modules/cjs/loader:1153:10)
    at Object.require.extensions.<computed> [as .ts] (/Users/new/Shopify-Test/node_modules/ts-node/src/index.ts:1059:12)
    at Module.load (node:internal/modules/cjs/loader:981:32)
    at Function.Module._load (node:internal/modules/cjs/loader:822:12)
    at Module.require (node:internal/modules/cjs/loader:1005:19)
2021-12-30 22:57:13 error: uncaughtException: тип Unable to compile TypeScript:
[96msrc/utils/utils.ts[0m:[93m42[0m:[93m3[0m - [91merror[0m[90m TS1109: [0mExpression expected.

[7m42[0m   };
[7m  [0m [91m  ~[0m

TSError: тип Unable to compile TypeScript:
[96msrc/utils/utils.ts[0m:[93m42[0m:[93m3[0m - [91merror[0m[90m TS1109: [0mExpression expected.

[7m42[0m   };
[7m  [0m [91m  ~[0m

    at createTSError (/Users/new/Shopify-Test/node_modules/ts-node/src/index.ts:513:12)
    at reportTSError (/Users/new/Shopify-Test/node_modules/ts-node/src/index.ts:517:19)
    at getOutput (/Users/new/Shopify-Test/node_modules/ts-node/src/index.ts:955:34)
    at Object.compile (/Users/new/Shopify-Test/node_modules/ts-node/src/index.ts:968:32)
    at Module.m._compile (/Users/new/Shopify-Test/node_modules/ts-node/src/index.ts:1056:42)
    at Module._extensions..js (node:internal/modules/cjs/loader:1153:10)
    at Object.require.extensions.<computed> [as .ts] (/Users/new/Shopify-Test/node_modules/ts-node/src/index.ts:1059:12)
    at Module.load (node:internal/modules/cjs/loader:981:32)
    at Function.Module._load (node:internal/modules/cjs/loader:822:12)
    at Module.require (node:internal/modules/cjs/loader:1005:19)
2021-12-30 22:57:24 error: uncaughtException: тип Unable to compile TypeScript:
[96msrc/utils/utils.ts[0m:[93m42[0m:[93m7[0m - [91merror[0m[90m TS1005: [0m':' expected.

[7m42[0m       "address":address,
[7m  [0m [91m      ~~~~~~~~~[0m
[96msrc/utils/utils.ts[0m:[93m42[0m:[93m16[0m - [91merror[0m[90m TS1005: [0m',' expected.

[7m42[0m       "address":address,
[7m  [0m [91m               ~[0m

TSError: тип Unable to compile TypeScript:
[96msrc/utils/utils.ts[0m:[93m42[0m:[93m7[0m - [91merror[0m[90m TS1005: [0m':' expected.

[7m42[0m       "address":address,
[7m  [0m [91m      ~~~~~~~~~[0m
[96msrc/utils/utils.ts[0m:[93m42[0m:[93m16[0m - [91merror[0m[90m TS1005: [0m',' expected.

[7m42[0m       "address":address,
[7m  [0m [91m               ~[0m

    at createTSError (/Users/new/Shopify-Test/node_modules/ts-node/src/index.ts:513:12)
    at reportTSError (/Users/new/Shopify-Test/node_modules/ts-node/src/index.ts:517:19)
    at getOutput (/Users/new/Shopify-Test/node_modules/ts-node/src/index.ts:955:34)
    at Object.compile (/Users/new/Shopify-Test/node_modules/ts-node/src/index.ts:968:32)
    at Module.m._compile (/Users/new/Shopify-Test/node_modules/ts-node/src/index.ts:1056:42)
    at Module._extensions..js (node:internal/modules/cjs/loader:1153:10)
    at Object.require.extensions.<computed> [as .ts] (/Users/new/Shopify-Test/node_modules/ts-node/src/index.ts:1059:12)
    at Module.load (node:internal/modules/cjs/loader:981:32)
    at Function.Module._load (node:internal/modules/cjs/loader:822:12)
    at Module.require (node:internal/modules/cjs/loader:1005:19)
2021-12-30 22:57:26 error: uncaughtException: тип Unable to compile TypeScript:
[96msrc/utils/utils.ts[0m:[93m42[0m:[93m16[0m - [91merror[0m[90m TS1005: [0m',' expected.

[7m42[0m       "address":address,
[7m  [0m [91m               ~[0m

TSError: тип Unable to compile TypeScript:
[96msrc/utils/utils.ts[0m:[93m42[0m:[93m16[0m - [91merror[0m[90m TS1005: [0m',' expected.

[7m42[0m       "address":address,
[7m  [0m [91m               ~[0m

    at createTSError (/Users/new/Shopify-Test/node_modules/ts-node/src/index.ts:513:12)
    at reportTSError (/Users/new/Shopify-Test/node_modules/ts-node/src/index.ts:517:19)
    at getOutput (/Users/new/Shopify-Test/node_modules/ts-node/src/index.ts:955:34)
    at Object.compile (/Users/new/Shopify-Test/node_modules/ts-node/src/index.ts:968:32)
    at Module.m._compile (/Users/new/Shopify-Test/node_modules/ts-node/src/index.ts:1056:42)
    at Module._extensions..js (node:internal/modules/cjs/loader:1153:10)
    at Object.require.extensions.<computed> [as .ts] (/Users/new/Shopify-Test/node_modules/ts-node/src/index.ts:1059:12)
    at Module.load (node:internal/modules/cjs/loader:981:32)
    at Function.Module._load (node:internal/modules/cjs/loader:822:12)
    at Module.require (node:internal/modules/cjs/loader:1005:19)
2021-12-30 22:57:29 error: uncaughtException: тип Unable to compile TypeScript:
[96msrc/utils/utils.ts[0m:[93m42[0m:[93m7[0m - [91merror[0m[90m TS1005: [0m',' expected.

[7m42[0m       "address":address,
[7m  [0m [91m      ~~~~~~~~~[0m

TSError: тип Unable to compile TypeScript:
[96msrc/utils/utils.ts[0m:[93m42[0m:[93m7[0m - [91merror[0m[90m TS1005: [0m',' expected.

[7m42[0m       "address":address,
[7m  [0m [91m      ~~~~~~~~~[0m

    at createTSError (/Users/new/Shopify-Test/node_modules/ts-node/src/index.ts:513:12)
    at reportTSError (/Users/new/Shopify-Test/node_modules/ts-node/src/index.ts:517:19)
    at getOutput (/Users/new/Shopify-Test/node_modules/ts-node/src/index.ts:955:34)
    at Object.compile (/Users/new/Shopify-Test/node_modules/ts-node/src/index.ts:968:32)
    at Module.m._compile (/Users/new/Shopify-Test/node_modules/ts-node/src/index.ts:1056:42)
    at Module._extensions..js (node:internal/modules/cjs/loader:1153:10)
    at Object.require.extensions.<computed> [as .ts] (/Users/new/Shopify-Test/node_modules/ts-node/src/index.ts:1059:12)
    at Module.load (node:internal/modules/cjs/loader:981:32)
    at Function.Module._load (node:internal/modules/cjs/loader:822:12)
    at Module.require (node:internal/modules/cjs/loader:1005:19)
2021-12-30 22:57:33 error: uncaughtException: тип Unable to compile TypeScript:
[96msrc/utils/utils.ts[0m:[93m42[0m:[93m7[0m - [91merror[0m[90m TS1005: [0m',' expected.

[7m42[0m       "address":address,
[7m  [0m [91m      ~~~~~~~~~[0m
[96msrc/utils/utils.ts[0m:[93m45[0m:[93m3[0m - [91merror[0m[90m TS1005: [0m':' expected.

[7m45[0m   };
[7m  [0m [91m  ~[0m

TSError: тип Unable to compile TypeScript:
[96msrc/utils/utils.ts[0m:[93m42[0m:[93m7[0m - [91merror[0m[90m TS1005: [0m',' expected.

[7m42[0m       "address":address,
[7m  [0m [91m      ~~~~~~~~~[0m
[96msrc/utils/utils.ts[0m:[93m45[0m:[93m3[0m - [91merror[0m[90m TS1005: [0m':' expected.

[7m45[0m   };
[7m  [0m [91m  ~[0m

    at createTSError (/Users/new/Shopify-Test/node_modules/ts-node/src/index.ts:513:12)
    at reportTSError (/Users/new/Shopify-Test/node_modules/ts-node/src/index.ts:517:19)
    at getOutput (/Users/new/Shopify-Test/node_modules/ts-node/src/index.ts:955:34)
    at Object.compile (/Users/new/Shopify-Test/node_modules/ts-node/src/index.ts:968:32)
    at Module.m._compile (/Users/new/Shopify-Test/node_modules/ts-node/src/index.ts:1056:42)
    at Module._extensions..js (node:internal/modules/cjs/loader:1153:10)
    at Object.require.extensions.<computed> [as .ts] (/Users/new/Shopify-Test/node_modules/ts-node/src/index.ts:1059:12)
    at Module.load (node:internal/modules/cjs/loader:981:32)
    at Function.Module._load (node:internal/modules/cjs/loader:822:12)
    at Module.require (node:internal/modules/cjs/loader:1005:19)
2021-12-30 22:57:39 error: uncaughtException: тип Unable to compile TypeScript:
[96msrc/utils/utils.ts[0m:[93m42[0m:[93m7[0m - [91merror[0m[90m TS1005: [0m',' expected.

[7m42[0m       "address":address,
[7m  [0m [91m      ~~~~~~~~~[0m
[96msrc/utils/utils.ts[0m:[93m45[0m:[93m3[0m - [91merror[0m[90m TS1005: [0m':' expected.

[7m45[0m   };
[7m  [0m [91m  ~[0m

TSError: тип Unable to compile TypeScript:
[96msrc/utils/utils.ts[0m:[93m42[0m:[93m7[0m - [91merror[0m[90m TS1005: [0m',' expected.

[7m42[0m       "address":address,
[7m  [0m [91m      ~~~~~~~~~[0m
[96msrc/utils/utils.ts[0m:[93m45[0m:[93m3[0m - [91merror[0m[90m TS1005: [0m':' expected.

[7m45[0m   };
[7m  [0m [91m  ~[0m

    at createTSError (/Users/new/Shopify-Test/node_modules/ts-node/src/index.ts:513:12)
    at reportTSError (/Users/new/Shopify-Test/node_modules/ts-node/src/index.ts:517:19)
    at getOutput (/Users/new/Shopify-Test/node_modules/ts-node/src/index.ts:955:34)
    at Object.compile (/Users/new/Shopify-Test/node_modules/ts-node/src/index.ts:968:32)
    at Module.m._compile (/Users/new/Shopify-Test/node_modules/ts-node/src/index.ts:1056:42)
    at Module._extensions..js (node:internal/modules/cjs/loader:1153:10)
    at Object.require.extensions.<computed> [as .ts] (/Users/new/Shopify-Test/node_modules/ts-node/src/index.ts:1059:12)
    at Module.load (node:internal/modules/cjs/loader:981:32)
    at Function.Module._load (node:internal/modules/cjs/loader:822:12)
    at Module.require (node:internal/modules/cjs/loader:1005:19)
2021-12-30 22:57:41 error: uncaughtException: тип Unable to compile TypeScript:
[96msrc/utils/utils.ts[0m:[93m42[0m:[93m7[0m - [91merror[0m[90m TS1005: [0m',' expected.

[7m42[0m       "address":address,
[7m  [0m [91m      ~~~~~~~~~[0m
[96msrc/utils/utils.ts[0m:[93m45[0m:[93m3[0m - [91merror[0m[90m TS1109: [0mExpression expected.

[7m45[0m   };
[7m  [0m [91m  ~[0m

TSError: тип Unable to compile TypeScript:
[96msrc/utils/utils.ts[0m:[93m42[0m:[93m7[0m - [91merror[0m[90m TS1005: [0m',' expected.

[7m42[0m       "address":address,
[7m  [0m [91m      ~~~~~~~~~[0m
[96msrc/utils/utils.ts[0m:[93m45[0m:[93m3[0m - [91merror[0m[90m TS1109: [0mExpression expected.

[7m45[0m   };
[7m  [0m [91m  ~[0m

    at createTSError (/Users/new/Shopify-Test/node_modules/ts-node/src/index.ts:513:12)
    at reportTSError (/Users/new/Shopify-Test/node_modules/ts-node/src/index.ts:517:19)
    at getOutput (/Users/new/Shopify-Test/node_modules/ts-node/src/index.ts:955:34)
    at Object.compile (/Users/new/Shopify-Test/node_modules/ts-node/src/index.ts:968:32)
    at Module.m._compile (/Users/new/Shopify-Test/node_modules/ts-node/src/index.ts:1056:42)
    at Module._extensions..js (node:internal/modules/cjs/loader:1153:10)
    at Object.require.extensions.<computed> [as .ts] (/Users/new/Shopify-Test/node_modules/ts-node/src/index.ts:1059:12)
    at Module.load (node:internal/modules/cjs/loader:981:32)
    at Function.Module._load (node:internal/modules/cjs/loader:822:12)
    at Module.require (node:internal/modules/cjs/loader:1005:19)
2021-12-30 22:57:45 error: uncaughtException: тип Unable to compile TypeScript:
[96msrc/utils/utils.ts[0m:[93m42[0m:[93m7[0m - [91merror[0m[90m TS1005: [0m',' expected.

[7m42[0m       "address":address,
[7m  [0m [91m      ~~~~~~~~~[0m

TSError: тип Unable to compile TypeScript:
[96msrc/utils/utils.ts[0m:[93m42[0m:[93m7[0m - [91merror[0m[90m TS1005: [0m',' expected.

[7m42[0m       "address":address,
[7m  [0m [91m      ~~~~~~~~~[0m

    at createTSError (/Users/new/Shopify-Test/node_modules/ts-node/src/index.ts:513:12)
    at reportTSError (/Users/new/Shopify-Test/node_modules/ts-node/src/index.ts:517:19)
    at getOutput (/Users/new/Shopify-Test/node_modules/ts-node/src/index.ts:955:34)
    at Object.compile (/Users/new/Shopify-Test/node_modules/ts-node/src/index.ts:968:32)
    at Module.m._compile (/Users/new/Shopify-Test/node_modules/ts-node/src/index.ts:1056:42)
    at Module._extensions..js (node:internal/modules/cjs/loader:1153:10)
    at Object.require.extensions.<computed> [as .ts] (/Users/new/Shopify-Test/node_modules/ts-node/src/index.ts:1059:12)
    at Module.load (node:internal/modules/cjs/loader:981:32)
    at Function.Module._load (node:internal/modules/cjs/loader:822:12)
    at Module.require (node:internal/modules/cjs/loader:1005:19)
2021-12-30 22:57:54 error: uncaughtException: тип Unable to compile TypeScript:
[96msrc/utils/utils.ts[0m:[93m42[0m:[93m7[0m - [91merror[0m[90m TS1005: [0m',' expected.

[7m42[0m       "address":Algorand.address,
[7m  [0m [91m      ~~~~~~~~~[0m
[96msrc/utils/utils.ts[0m:[93m45[0m:[93m3[0m - [91merror[0m[90m TS1109: [0mExpression expected.

[7m45[0m   };
[7m  [0m [91m  ~[0m

TSError: тип Unable to compile TypeScript:
[96msrc/utils/utils.ts[0m:[93m42[0m:[93m7[0m - [91merror[0m[90m TS1005: [0m',' expected.

[7m42[0m       "address":Algorand.address,
[7m  [0m [91m      ~~~~~~~~~[0m
[96msrc/utils/utils.ts[0m:[93m45[0m:[93m3[0m - [91merror[0m[90m TS1109: [0mExpression expected.

[7m45[0m   };
[7m  [0m [91m  ~[0m

    at createTSError (/Users/new/Shopify-Test/node_modules/ts-node/src/index.ts:513:12)
    at reportTSError (/Users/new/Shopify-Test/node_modules/ts-node/src/index.ts:517:19)
    at getOutput (/Users/new/Shopify-Test/node_modules/ts-node/src/index.ts:955:34)
    at Object.compile (/Users/new/Shopify-Test/node_modules/ts-node/src/index.ts:968:32)
    at Module.m._compile (/Users/new/Shopify-Test/node_modules/ts-node/src/index.ts:1056:42)
    at Module._extensions..js (node:internal/modules/cjs/loader:1153:10)
    at Object.require.extensions.<computed> [as .ts] (/Users/new/Shopify-Test/node_modules/ts-node/src/index.ts:1059:12)
    at Module.load (node:internal/modules/cjs/loader:981:32)
    at Function.Module._load (node:internal/modules/cjs/loader:822:12)
    at Module.require (node:internal/modules/cjs/loader:1005:19)
2021-12-30 22:58:07 error: uncaughtException: тип Unable to compile TypeScript:
[96msrc/utils/utils.ts[0m:[93m42[0m:[93m7[0m - [91merror[0m[90m TS1005: [0m',' expected.

[7m42[0m       "address":Algorand.address,
[7m  [0m [91m      ~~~~~~~~~[0m
[96msrc/utils/utils.ts[0m:[93m45[0m:[93m3[0m - [91merror[0m[90m TS1109: [0mExpression expected.

[7m45[0m   };
[7m  [0m [91m  ~[0m

TSError: тип Unable to compile TypeScript:
[96msrc/utils/utils.ts[0m:[93m42[0m:[93m7[0m - [91merror[0m[90m TS1005: [0m',' expected.

[7m42[0m       "address":Algorand.address,
[7m  [0m [91m      ~~~~~~~~~[0m
[96msrc/utils/utils.ts[0m:[93m45[0m:[93m3[0m - [91merror[0m[90m TS1109: [0mExpression expected.

[7m45[0m   };
[7m  [0m [91m  ~[0m

    at createTSError (/Users/new/Shopify-Test/node_modules/ts-node/src/index.ts:513:12)
    at reportTSError (/Users/new/Shopify-Test/node_modules/ts-node/src/index.ts:517:19)
    at getOutput (/Users/new/Shopify-Test/node_modules/ts-node/src/index.ts:955:34)
    at Object.compile (/Users/new/Shopify-Test/node_modules/ts-node/src/index.ts:968:32)
    at Module.m._compile (/Users/new/Shopify-Test/node_modules/ts-node/src/index.ts:1056:42)
    at Module._extensions..js (node:internal/modules/cjs/loader:1153:10)
    at Object.require.extensions.<computed> [as .ts] (/Users/new/Shopify-Test/node_modules/ts-node/src/index.ts:1059:12)
    at Module.load (node:internal/modules/cjs/loader:981:32)
    at Function.Module._load (node:internal/modules/cjs/loader:822:12)
    at Module.require (node:internal/modules/cjs/loader:1005:19)
2021-12-30 22:58:09 error: uncaughtException: тип Unable to compile TypeScript:
[96msrc/utils/utils.ts[0m:[93m42[0m:[93m7[0m - [91merror[0m[90m TS1005: [0m',' expected.

[7m42[0m       "address":Algorand.address,
[7m  [0m [91m      ~~~~~~~~~[0m

TSError: тип Unable to compile TypeScript:
[96msrc/utils/utils.ts[0m:[93m42[0m:[93m7[0m - [91merror[0m[90m TS1005: [0m',' expected.

[7m42[0m       "address":Algorand.address,
[7m  [0m [91m      ~~~~~~~~~[0m

    at createTSError (/Users/new/Shopify-Test/node_modules/ts-node/src/index.ts:513:12)
    at reportTSError (/Users/new/Shopify-Test/node_modules/ts-node/src/index.ts:517:19)
    at getOutput (/Users/new/Shopify-Test/node_modules/ts-node/src/index.ts:955:34)
    at Object.compile (/Users/new/Shopify-Test/node_modules/ts-node/src/index.ts:968:32)
    at Module.m._compile (/Users/new/Shopify-Test/node_modules/ts-node/src/index.ts:1056:42)
    at Module._extensions..js (node:internal/modules/cjs/loader:1153:10)
    at Object.require.extensions.<computed> [as .ts] (/Users/new/Shopify-Test/node_modules/ts-node/src/index.ts:1059:12)
    at Module.load (node:internal/modules/cjs/loader:981:32)
    at Function.Module._load (node:internal/modules/cjs/loader:822:12)
    at Module.require (node:internal/modules/cjs/loader:1005:19)
2021-12-30 22:58:11 error: uncaughtException: тип Unable to compile TypeScript:
[96msrc/utils/utils.ts[0m:[93m42[0m:[93m7[0m - [91merror[0m[90m TS1005: [0m',' expected.

[7m42[0m       "address":Algorand.address,
[7m  [0m [91m      ~~~~~~~~~[0m

TSError: тип Unable to compile TypeScript:
[96msrc/utils/utils.ts[0m:[93m42[0m:[93m7[0m - [91merror[0m[90m TS1005: [0m',' expected.

[7m42[0m       "address":Algorand.address,
[7m  [0m [91m      ~~~~~~~~~[0m

    at createTSError (/Users/new/Shopify-Test/node_modules/ts-node/src/index.ts:513:12)
    at reportTSError (/Users/new/Shopify-Test/node_modules/ts-node/src/index.ts:517:19)
    at getOutput (/Users/new/Shopify-Test/node_modules/ts-node/src/index.ts:955:34)
    at Object.compile (/Users/new/Shopify-Test/node_modules/ts-node/src/index.ts:968:32)
    at Module.m._compile (/Users/new/Shopify-Test/node_modules/ts-node/src/index.ts:1056:42)
    at Module._extensions..js (node:internal/modules/cjs/loader:1153:10)
    at Object.require.extensions.<computed> [as .ts] (/Users/new/Shopify-Test/node_modules/ts-node/src/index.ts:1059:12)
    at Module.load (node:internal/modules/cjs/loader:981:32)
    at Function.Module._load (node:internal/modules/cjs/loader:822:12)
    at Module.require (node:internal/modules/cjs/loader:1005:19)
2021-12-30 22:58:14 error: uncaughtException: тип Unable to compile TypeScript:
[96msrc/utils/utils.ts[0m:[93m42[0m:[93m7[0m - [91merror[0m[90m TS1005: [0m',' expected.

[7m42[0m       "address":Algorand.address,
[7m  [0m [91m      ~~~~~~~~~[0m

TSError: тип Unable to compile TypeScript:
[96msrc/utils/utils.ts[0m:[93m42[0m:[93m7[0m - [91merror[0m[90m TS1005: [0m',' expected.

[7m42[0m       "address":Algorand.address,
[7m  [0m [91m      ~~~~~~~~~[0m

    at createTSError (/Users/new/Shopify-Test/node_modules/ts-node/src/index.ts:513:12)
    at reportTSError (/Users/new/Shopify-Test/node_modules/ts-node/src/index.ts:517:19)
    at getOutput (/Users/new/Shopify-Test/node_modules/ts-node/src/index.ts:955:34)
    at Object.compile (/Users/new/Shopify-Test/node_modules/ts-node/src/index.ts:968:32)
    at Module.m._compile (/Users/new/Shopify-Test/node_modules/ts-node/src/index.ts:1056:42)
    at Module._extensions..js (node:internal/modules/cjs/loader:1153:10)
    at Object.require.extensions.<computed> [as .ts] (/Users/new/Shopify-Test/node_modules/ts-node/src/index.ts:1059:12)
    at Module.load (node:internal/modules/cjs/loader:981:32)
    at Function.Module._load (node:internal/modules/cjs/loader:822:12)
    at Module.require (node:internal/modules/cjs/loader:1005:19)
2021-12-30 23:02:08 error: uncaughtException: тип Unable to compile TypeScript:
[96msrc/authentication/auth.service.ts[0m:[93m36[0m:[93m19[0m - [91merror[0m[90m TS1005: [0m',' expected.

[7m36[0m      const wallet CreateAlgoWallet()
[7m  [0m [91m                  ~~~~~~~~~~~~~~~~[0m
[96msrc/authentication/auth.service.ts[0m:[93m36[0m:[93m35[0m - [91merror[0m[90m TS1005: [0m',' expected.

[7m36[0m      const wallet CreateAlgoWallet()
[7m  [0m [91m                                  ~[0m
[96msrc/authentication/auth.service.ts[0m:[93m36[0m:[93m36[0m - [91merror[0m[90m TS1109: [0mExpression expected.

[7m36[0m      const wallet CreateAlgoWallet()
[7m  [0m [91m                                   ~[0m

TSError: тип Unable to compile TypeScript:
[96msrc/authentication/auth.service.ts[0m:[93m36[0m:[93m19[0m - [91merror[0m[90m TS1005: [0m',' expected.

[7m36[0m      const wallet CreateAlgoWallet()
[7m  [0m [91m                  ~~~~~~~~~~~~~~~~[0m
[96msrc/authentication/auth.service.ts[0m:[93m36[0m:[93m35[0m - [91merror[0m[90m TS1005: [0m',' expected.

[7m36[0m      const wallet CreateAlgoWallet()
[7m  [0m [91m                                  ~[0m
[96msrc/authentication/auth.service.ts[0m:[93m36[0m:[93m36[0m - [91merror[0m[90m TS1109: [0mExpression expected.

[7m36[0m      const wallet CreateAlgoWallet()
[7m  [0m [91m                                   ~[0m

    at createTSError (/Users/new/Shopify-Test/node_modules/ts-node/src/index.ts:513:12)
    at reportTSError (/Users/new/Shopify-Test/node_modules/ts-node/src/index.ts:517:19)
    at getOutput (/Users/new/Shopify-Test/node_modules/ts-node/src/index.ts:955:34)
    at Object.compile (/Users/new/Shopify-Test/node_modules/ts-node/src/index.ts:968:32)
    at Module.m._compile (/Users/new/Shopify-Test/node_modules/ts-node/src/index.ts:1056:42)
    at Module._extensions..js (node:internal/modules/cjs/loader:1153:10)
    at Object.require.extensions.<computed> [as .ts] (/Users/new/Shopify-Test/node_modules/ts-node/src/index.ts:1059:12)
    at Module.load (node:internal/modules/cjs/loader:981:32)
    at Function.Module._load (node:internal/modules/cjs/loader:822:12)
    at Module.require (node:internal/modules/cjs/loader:1005:19)
2021-12-30 23:02:43 error: uncaughtException: тип Unable to compile TypeScript:
[96msrc/authentication/auth.service.ts[0m:[93m36[0m:[93m28[0m - [91merror[0m[90m TS1005: [0m',' expected.

[7m36[0m      const CreateAlgoWallet()
[7m  [0m [91m                           ~[0m
[96msrc/authentication/auth.service.ts[0m:[93m36[0m:[93m29[0m - [91merror[0m[90m TS1109: [0mExpression expected.

[7m36[0m      const CreateAlgoWallet()
[7m  [0m [91m                            ~[0m

TSError: тип Unable to compile TypeScript:
[96msrc/authentication/auth.service.ts[0m:[93m36[0m:[93m28[0m - [91merror[0m[90m TS1005: [0m',' expected.

[7m36[0m      const CreateAlgoWallet()
[7m  [0m [91m                           ~[0m
[96msrc/authentication/auth.service.ts[0m:[93m36[0m:[93m29[0m - [91merror[0m[90m TS1109: [0mExpression expected.

[7m36[0m      const CreateAlgoWallet()
[7m  [0m [91m                            ~[0m

    at createTSError (/Users/new/Shopify-Test/node_modules/ts-node/src/index.ts:513:12)
    at reportTSError (/Users/new/Shopify-Test/node_modules/ts-node/src/index.ts:517:19)
    at getOutput (/Users/new/Shopify-Test/node_modules/ts-node/src/index.ts:955:34)
    at Object.compile (/Users/new/Shopify-Test/node_modules/ts-node/src/index.ts:968:32)
    at Module.m._compile (/Users/new/Shopify-Test/node_modules/ts-node/src/index.ts:1056:42)
    at Module._extensions..js (node:internal/modules/cjs/loader:1153:10)
    at Object.require.extensions.<computed> [as .ts] (/Users/new/Shopify-Test/node_modules/ts-node/src/index.ts:1059:12)
    at Module.load (node:internal/modules/cjs/loader:981:32)
    at Function.Module._load (node:internal/modules/cjs/loader:822:12)
    at Module.require (node:internal/modules/cjs/loader:1005:19)
2021-12-30 23:03:53 error: uncaughtException: тип Unable to compile TypeScript:
[96msrc/authentication/auth.service.ts[0m:[93m41[0m:[93m5[0m - [91merror[0m[90m TS1135: [0mArgument expression expected.

[7m41[0m     }
[7m  [0m [91m    ~[0m

TSError: тип Unable to compile TypeScript:
[96msrc/authentication/auth.service.ts[0m:[93m41[0m:[93m5[0m - [91merror[0m[90m TS1135: [0mArgument expression expected.

[7m41[0m     }
[7m  [0m [91m    ~[0m

    at createTSError (/Users/new/Shopify-Test/node_modules/ts-node/src/index.ts:513:12)
    at reportTSError (/Users/new/Shopify-Test/node_modules/ts-node/src/index.ts:517:19)
    at getOutput (/Users/new/Shopify-Test/node_modules/ts-node/src/index.ts:955:34)
    at Object.compile (/Users/new/Shopify-Test/node_modules/ts-node/src/index.ts:968:32)
    at Module.m._compile (/Users/new/Shopify-Test/node_modules/ts-node/src/index.ts:1056:42)
    at Module._extensions..js (node:internal/modules/cjs/loader:1153:10)
    at Object.require.extensions.<computed> [as .ts] (/Users/new/Shopify-Test/node_modules/ts-node/src/index.ts:1059:12)
    at Module.load (node:internal/modules/cjs/loader:981:32)
    at Function.Module._load (node:internal/modules/cjs/loader:822:12)
    at Module.require (node:internal/modules/cjs/loader:1005:19)
2021-12-30 23:06:30 error: uncaughtException: Unexpected strict mode reserved word
/Users/new/Shopify-Test/src/authentication/auth.service.ts:125
                                public: public
                                        ^^^^^^

SyntaxError: Unexpected strict mode reserved word
    at Object.compileFunction (node:vm:352:18)
    at wrapSafe (node:internal/modules/cjs/loader:1031:15)
    at Module._compile (node:internal/modules/cjs/loader:1065:27)
    at Module.m._compile (/Users/new/Shopify-Test/node_modules/ts-node/src/index.ts:1056:23)
    at Module._extensions..js (node:internal/modules/cjs/loader:1153:10)
    at Object.require.extensions.<computed> [as .ts] (/Users/new/Shopify-Test/node_modules/ts-node/src/index.ts:1059:12)
    at Module.load (node:internal/modules/cjs/loader:981:32)
    at Function.Module._load (node:internal/modules/cjs/loader:822:12)
    at Module.require (node:internal/modules/cjs/loader:1005:19)
    at require (node:internal/modules/cjs/helpers:102:18)
2021-12-30 23:06:41 error: uncaughtException: тип Unable to compile TypeScript:
[96msrc/authentication/auth.service.ts[0m:[93m42[0m:[93m7[0m - [91merror[0m[90m TS1109: [0mExpression expected.

[7m42[0m       })
[7m  [0m [91m      ~[0m

TSError: тип Unable to compile TypeScript:
[96msrc/authentication/auth.service.ts[0m:[93m42[0m:[93m7[0m - [91merror[0m[90m TS1109: [0mExpression expected.

[7m42[0m       })
[7m  [0m [91m      ~[0m

    at createTSError (/Users/new/Shopify-Test/node_modules/ts-node/src/index.ts:513:12)
    at reportTSError (/Users/new/Shopify-Test/node_modules/ts-node/src/index.ts:517:19)
    at getOutput (/Users/new/Shopify-Test/node_modules/ts-node/src/index.ts:955:34)
    at Object.compile (/Users/new/Shopify-Test/node_modules/ts-node/src/index.ts:968:32)
    at Module.m._compile (/Users/new/Shopify-Test/node_modules/ts-node/src/index.ts:1056:42)
    at Module._extensions..js (node:internal/modules/cjs/loader:1153:10)
    at Object.require.extensions.<computed> [as .ts] (/Users/new/Shopify-Test/node_modules/ts-node/src/index.ts:1059:12)
    at Module.load (node:internal/modules/cjs/loader:981:32)
    at Function.Module._load (node:internal/modules/cjs/loader:822:12)
    at Module.require (node:internal/modules/cjs/loader:1005:19)
2021-12-30 23:16:39 error: uncaughtException: тип Unable to compile TypeScript:
[96msrc/authentication/auth.service.ts[0m:[93m42[0m:[93m7[0m - [91merror[0m[90m TS1005: [0m')' expected.

[7m42[0m       })
[7m  [0m [91m      ~[0m

TSError: тип Unable to compile TypeScript:
[96msrc/authentication/auth.service.ts[0m:[93m42[0m:[93m7[0m - [91merror[0m[90m TS1005: [0m')' expected.

[7m42[0m       })
[7m  [0m [91m      ~[0m

    at createTSError (/Users/new/Shopify-Test/node_modules/ts-node/src/index.ts:513:12)
    at reportTSError (/Users/new/Shopify-Test/node_modules/ts-node/src/index.ts:517:19)
    at getOutput (/Users/new/Shopify-Test/node_modules/ts-node/src/index.ts:955:34)
    at Object.compile (/Users/new/Shopify-Test/node_modules/ts-node/src/index.ts:968:32)
    at Module.m._compile (/Users/new/Shopify-Test/node_modules/ts-node/src/index.ts:1056:42)
    at Module._extensions..js (node:internal/modules/cjs/loader:1153:10)
    at Object.require.extensions.<computed> [as .ts] (/Users/new/Shopify-Test/node_modules/ts-node/src/index.ts:1059:12)
    at Module.load (node:internal/modules/cjs/loader:981:32)
    at Function.Module._load (node:internal/modules/cjs/loader:822:12)
    at Module.require (node:internal/modules/cjs/loader:1005:19)
2021-12-30 23:17:18 error: uncaughtException: Unexpected strict mode reserved word
/Users/new/Shopify-Test/src/authentication/auth.service.ts:129
                            private: private
                                     ^^^^^^^

SyntaxError: Unexpected strict mode reserved word
    at Object.compileFunction (node:vm:352:18)
    at wrapSafe (node:internal/modules/cjs/loader:1031:15)
    at Module._compile (node:internal/modules/cjs/loader:1065:27)
    at Module.m._compile (/Users/new/Shopify-Test/node_modules/ts-node/src/index.ts:1056:23)
    at Module._extensions..js (node:internal/modules/cjs/loader:1153:10)
    at Object.require.extensions.<computed> [as .ts] (/Users/new/Shopify-Test/node_modules/ts-node/src/index.ts:1059:12)
    at Module.load (node:internal/modules/cjs/loader:981:32)
    at Function.Module._load (node:internal/modules/cjs/loader:822:12)
    at Module.require (node:internal/modules/cjs/loader:1005:19)
    at require (node:internal/modules/cjs/helpers:102:18)
2021-12-30 23:17:23 error: uncaughtException: тип Unable to compile TypeScript:
[96msrc/authentication/auth.service.ts[0m:[93m45[0m:[93m7[0m - [91merror[0m[90m TS1109: [0mExpression expected.

[7m45[0m       })
[7m  [0m [91m      ~[0m

TSError: тип Unable to compile TypeScript:
[96msrc/authentication/auth.service.ts[0m:[93m45[0m:[93m7[0m - [91merror[0m[90m TS1109: [0mExpression expected.

[7m45[0m       })
[7m  [0m [91m      ~[0m

    at createTSError (/Users/new/Shopify-Test/node_modules/ts-node/src/index.ts:513:12)
    at reportTSError (/Users/new/Shopify-Test/node_modules/ts-node/src/index.ts:517:19)
    at getOutput (/Users/new/Shopify-Test/node_modules/ts-node/src/index.ts:955:34)
    at Object.compile (/Users/new/Shopify-Test/node_modules/ts-node/src/index.ts:968:32)
    at Module.m._compile (/Users/new/Shopify-Test/node_modules/ts-node/src/index.ts:1056:42)
    at Module._extensions..js (node:internal/modules/cjs/loader:1153:10)
    at Object.require.extensions.<computed> [as .ts] (/Users/new/Shopify-Test/node_modules/ts-node/src/index.ts:1059:12)
    at Module.load (node:internal/modules/cjs/loader:981:32)
    at Function.Module._load (node:internal/modules/cjs/loader:822:12)
    at Module.require (node:internal/modules/cjs/loader:1005:19)
2021-12-30 23:17:28 error: uncaughtException: тип Unable to compile TypeScript:
[96msrc/authentication/auth.service.ts[0m:[93m45[0m:[93m7[0m - [91merror[0m[90m TS1003: [0mIdentifier expected.

[7m45[0m       })
[7m  [0m [91m      ~[0m

TSError: тип Unable to compile TypeScript:
[96msrc/authentication/auth.service.ts[0m:[93m45[0m:[93m7[0m - [91merror[0m[90m TS1003: [0mIdentifier expected.

[7m45[0m       })
[7m  [0m [91m      ~[0m

    at createTSError (/Users/new/Shopify-Test/node_modules/ts-node/src/index.ts:513:12)
    at reportTSError (/Users/new/Shopify-Test/node_modules/ts-node/src/index.ts:517:19)
    at getOutput (/Users/new/Shopify-Test/node_modules/ts-node/src/index.ts:955:34)
    at Object.compile (/Users/new/Shopify-Test/node_modules/ts-node/src/index.ts:968:32)
    at Module.m._compile (/Users/new/Shopify-Test/node_modules/ts-node/src/index.ts:1056:42)
    at Module._extensions..js (node:internal/modules/cjs/loader:1153:10)
    at Object.require.extensions.<computed> [as .ts] (/Users/new/Shopify-Test/node_modules/ts-node/src/index.ts:1059:12)
    at Module.load (node:internal/modules/cjs/loader:981:32)
    at Function.Module._load (node:internal/modules/cjs/loader:822:12)
    at Module.require (node:internal/modules/cjs/loader:1005:19)
2021-12-30 23:17:40 error: uncaughtException: тип Unable to compile TypeScript:
[96msrc/authentication/auth.service.ts[0m:[93m44[0m:[93m9[0m - [91merror[0m[90m TS1005: [0m',' expected.

[7m44[0m         user:
[7m  [0m [91m        ~~~~[0m
[96msrc/authentication/auth.service.ts[0m:[93m45[0m:[93m7[0m - [91merror[0m[90m TS1109: [0mExpression expected.

[7m45[0m       })
[7m  [0m [91m      ~[0m

TSError: тип Unable to compile TypeScript:
[96msrc/authentication/auth.service.ts[0m:[93m44[0m:[93m9[0m - [91merror[0m[90m TS1005: [0m',' expected.

[7m44[0m         user:
[7m  [0m [91m        ~~~~[0m
[96msrc/authentication/auth.service.ts[0m:[93m45[0m:[93m7[0m - [91merror[0m[90m TS1109: [0mExpression expected.

[7m45[0m       })
[7m  [0m [91m      ~[0m

    at createTSError (/Users/new/Shopify-Test/node_modules/ts-node/src/index.ts:513:12)
    at reportTSError (/Users/new/Shopify-Test/node_modules/ts-node/src/index.ts:517:19)
    at getOutput (/Users/new/Shopify-Test/node_modules/ts-node/src/index.ts:955:34)
    at Object.compile (/Users/new/Shopify-Test/node_modules/ts-node/src/index.ts:968:32)
    at Module.m._compile (/Users/new/Shopify-Test/node_modules/ts-node/src/index.ts:1056:42)
    at Module._extensions..js (node:internal/modules/cjs/loader:1153:10)
    at Object.require.extensions.<computed> [as .ts] (/Users/new/Shopify-Test/node_modules/ts-node/src/index.ts:1059:12)
    at Module.load (node:internal/modules/cjs/loader:981:32)
    at Function.Module._load (node:internal/modules/cjs/loader:822:12)
    at Module.require (node:internal/modules/cjs/loader:1005:19)
2021-12-30 23:17:56 error: uncaughtException: тип Unable to compile TypeScript:
[96msrc/authentication/auth.service.ts[0m:[93m44[0m:[93m9[0m - [91merror[0m[90m TS1005: [0m',' expected.

[7m44[0m         user:
[7m  [0m [91m        ~~~~[0m
[96msrc/authentication/auth.service.ts[0m:[93m45[0m:[93m7[0m - [91merror[0m[90m TS1109: [0mExpression expected.

[7m45[0m       })
[7m  [0m [91m      ~[0m

TSError: тип Unable to compile TypeScript:
[96msrc/authentication/auth.service.ts[0m:[93m44[0m:[93m9[0m - [91merror[0m[90m TS1005: [0m',' expected.

[7m44[0m         user:
[7m  [0m [91m        ~~~~[0m
[96msrc/authentication/auth.service.ts[0m:[93m45[0m:[93m7[0m - [91merror[0m[90m TS1109: [0mExpression expected.

[7m45[0m       })
[7m  [0m [91m      ~[0m

    at createTSError (/Users/new/Shopify-Test/node_modules/ts-node/src/index.ts:513:12)
    at reportTSError (/Users/new/Shopify-Test/node_modules/ts-node/src/index.ts:517:19)
    at getOutput (/Users/new/Shopify-Test/node_modules/ts-node/src/index.ts:955:34)
    at Object.compile (/Users/new/Shopify-Test/node_modules/ts-node/src/index.ts:968:32)
    at Module.m._compile (/Users/new/Shopify-Test/node_modules/ts-node/src/index.ts:1056:42)
    at Module._extensions..js (node:internal/modules/cjs/loader:1153:10)
    at Object.require.extensions.<computed> [as .ts] (/Users/new/Shopify-Test/node_modules/ts-node/src/index.ts:1059:12)
    at Module.load (node:internal/modules/cjs/loader:981:32)
    at Function.Module._load (node:internal/modules/cjs/loader:822:12)
    at Module.require (node:internal/modules/cjs/loader:1005:19)
2021-12-30 23:17:58 error: uncaughtException: тип Unable to compile TypeScript:
[96msrc/authentication/auth.service.ts[0m:[93m44[0m:[93m9[0m - [91merror[0m[90m TS1005: [0m',' expected.

[7m44[0m         user:
[7m  [0m [91m        ~~~~[0m
[96msrc/authentication/auth.service.ts[0m:[93m45[0m:[93m7[0m - [91merror[0m[90m TS1109: [0mExpression expected.

[7m45[0m       })
[7m  [0m [91m      ~[0m

TSError: тип Unable to compile TypeScript:
[96msrc/authentication/auth.service.ts[0m:[93m44[0m:[93m9[0m - [91merror[0m[90m TS1005: [0m',' expected.

[7m44[0m         user:
[7m  [0m [91m        ~~~~[0m
[96msrc/authentication/auth.service.ts[0m:[93m45[0m:[93m7[0m - [91merror[0m[90m TS1109: [0mExpression expected.

[7m45[0m       })
[7m  [0m [91m      ~[0m

    at createTSError (/Users/new/Shopify-Test/node_modules/ts-node/src/index.ts:513:12)
    at reportTSError (/Users/new/Shopify-Test/node_modules/ts-node/src/index.ts:517:19)
    at getOutput (/Users/new/Shopify-Test/node_modules/ts-node/src/index.ts:955:34)
    at Object.compile (/Users/new/Shopify-Test/node_modules/ts-node/src/index.ts:968:32)
    at Module.m._compile (/Users/new/Shopify-Test/node_modules/ts-node/src/index.ts:1056:42)
    at Module._extensions..js (node:internal/modules/cjs/loader:1153:10)
    at Object.require.extensions.<computed> [as .ts] (/Users/new/Shopify-Test/node_modules/ts-node/src/index.ts:1059:12)
    at Module.load (node:internal/modules/cjs/loader:981:32)
    at Function.Module._load (node:internal/modules/cjs/loader:822:12)
    at Module.require (node:internal/modules/cjs/loader:1005:19)
2021-12-30 23:18:03 error: uncaughtException: тип Unable to compile TypeScript:
[96msrc/authentication/auth.service.ts[0m:[93m44[0m:[93m9[0m - [91merror[0m[90m TS1005: [0m',' expected.

[7m44[0m         user
[7m  [0m [91m        ~~~~[0m

TSError: тип Unable to compile TypeScript:
[96msrc/authentication/auth.service.ts[0m:[93m44[0m:[93m9[0m - [91merror[0m[90m TS1005: [0m',' expected.

[7m44[0m         user
[7m  [0m [91m        ~~~~[0m

    at createTSError (/Users/new/Shopify-Test/node_modules/ts-node/src/index.ts:513:12)
    at reportTSError (/Users/new/Shopify-Test/node_modules/ts-node/src/index.ts:517:19)
    at getOutput (/Users/new/Shopify-Test/node_modules/ts-node/src/index.ts:955:34)
    at Object.compile (/Users/new/Shopify-Test/node_modules/ts-node/src/index.ts:968:32)
    at Module.m._compile (/Users/new/Shopify-Test/node_modules/ts-node/src/index.ts:1056:42)
    at Module._extensions..js (node:internal/modules/cjs/loader:1153:10)
    at Object.require.extensions.<computed> [as .ts] (/Users/new/Shopify-Test/node_modules/ts-node/src/index.ts:1059:12)
    at Module.load (node:internal/modules/cjs/loader:981:32)
    at Function.Module._load (node:internal/modules/cjs/loader:822:12)
    at Module.require (node:internal/modules/cjs/loader:1005:19)
2021-12-30 23:41:55 error: uncaughtException: Cannot read properties of undefined (reading 'generateMnemonic')
TypeError: Cannot read properties of undefined (reading 'generateMnemonic')
    at Memonic (/Users/new/Shopify-Test/src/utils/utils.ts:33:25)
    at Object.<anonymous> (/Users/new/Shopify-Test/src/utils/utils.ts:48:8)
    at Module._compile (node:internal/modules/cjs/loader:1101:14)
    at Module.m._compile (/Users/new/Shopify-Test/node_modules/ts-node/src/index.ts:1056:23)
    at Module._extensions..js (node:internal/modules/cjs/loader:1153:10)
    at Object.require.extensions.<computed> [as .ts] (/Users/new/Shopify-Test/node_modules/ts-node/src/index.ts:1059:12)
    at Module.load (node:internal/modules/cjs/loader:981:32)
    at Function.Module._load (node:internal/modules/cjs/loader:822:12)
    at Module.require (node:internal/modules/cjs/loader:1005:19)
    at require (node:internal/modules/cjs/helpers:102:18)
    at Object.<anonymous> (/Users/new/Shopify-Test/src/authentication/auth.service.ts:8:1)
    at Module._compile (node:internal/modules/cjs/loader:1101:14)
    at Module.m._compile (/Users/new/Shopify-Test/node_modules/ts-node/src/index.ts:1056:23)
    at Module._extensions..js (node:internal/modules/cjs/loader:1153:10)
    at Object.require.extensions.<computed> [as .ts] (/Users/new/Shopify-Test/node_modules/ts-node/src/index.ts:1059:12)
    at Module.load (node:internal/modules/cjs/loader:981:32)
2021-12-30 23:42:10 error: uncaughtException: Cannot read properties of undefined (reading 'generateMnemonic')
TypeError: Cannot read properties of undefined (reading 'generateMnemonic')
    at Memonic (/Users/new/Shopify-Test/src/utils/utils.ts:33:25)
    at Object.<anonymous> (/Users/new/Shopify-Test/src/utils/utils.ts:49:8)
    at Module._compile (node:internal/modules/cjs/loader:1101:14)
    at Module.m._compile (/Users/new/Shopify-Test/node_modules/ts-node/src/index.ts:1056:23)
    at Module._extensions..js (node:internal/modules/cjs/loader:1153:10)
    at Object.require.extensions.<computed> [as .ts] (/Users/new/Shopify-Test/node_modules/ts-node/src/index.ts:1059:12)
    at Module.load (node:internal/modules/cjs/loader:981:32)
    at Function.Module._load (node:internal/modules/cjs/loader:822:12)
    at Module.require (node:internal/modules/cjs/loader:1005:19)
    at require (node:internal/modules/cjs/helpers:102:18)
    at Object.<anonymous> (/Users/new/Shopify-Test/src/authentication/auth.service.ts:8:1)
    at Module._compile (node:internal/modules/cjs/loader:1101:14)
    at Module.m._compile (/Users/new/Shopify-Test/node_modules/ts-node/src/index.ts:1056:23)
    at Module._extensions..js (node:internal/modules/cjs/loader:1153:10)
    at Object.require.extensions.<computed> [as .ts] (/Users/new/Shopify-Test/node_modules/ts-node/src/index.ts:1059:12)
    at Module.load (node:internal/modules/cjs/loader:981:32)
2021-12-30 23:42:55 error: uncaughtException: Cannot read properties of undefined (reading 'generateMnemonic')
TypeError: Cannot read properties of undefined (reading 'generateMnemonic')
    at Memonic (/Users/new/Shopify-Test/src/utils/utils.js:70:39)
    at Object.<anonymous> (/Users/new/Shopify-Test/src/utils/utils.js:96:21)
    at Module._compile (node:internal/modules/cjs/loader:1101:14)
    at Object.Module._extensions..js (node:internal/modules/cjs/loader:1153:10)
    at Module.load (node:internal/modules/cjs/loader:981:32)
    at Function.Module._load (node:internal/modules/cjs/loader:822:12)
    at Module.require (node:internal/modules/cjs/loader:1005:19)
    at require (node:internal/modules/cjs/helpers:102:18)
    at Object.<anonymous> (/Users/new/Shopify-Test/src/authentication/auth.service.ts:8:1)
    at Module._compile (node:internal/modules/cjs/loader:1101:14)
    at Module.m._compile (/Users/new/Shopify-Test/node_modules/ts-node/src/index.ts:1056:23)
    at Module._extensions..js (node:internal/modules/cjs/loader:1153:10)
    at Object.require.extensions.<computed> [as .ts] (/Users/new/Shopify-Test/node_modules/ts-node/src/index.ts:1059:12)
    at Module.load (node:internal/modules/cjs/loader:981:32)
    at Function.Module._load (node:internal/modules/cjs/loader:822:12)
    at Module.require (node:internal/modules/cjs/loader:1005:19)
2021-12-30 23:43:30 error: uncaughtException: Cannot read properties of undefined (reading 'generateMnemonic')
TypeError: Cannot read properties of undefined (reading 'generateMnemonic')
    at Memonic (/Users/new/Shopify-Test/src/utils/utils.js:70:39)
    at Object.<anonymous> (/Users/new/Shopify-Test/src/utils/utils.js:96:21)
    at Module._compile (node:internal/modules/cjs/loader:1101:14)
    at Object.Module._extensions..js (node:internal/modules/cjs/loader:1153:10)
    at Module.load (node:internal/modules/cjs/loader:981:32)
    at Function.Module._load (node:internal/modules/cjs/loader:822:12)
    at Module.require (node:internal/modules/cjs/loader:1005:19)
    at require (node:internal/modules/cjs/helpers:102:18)
    at Object.<anonymous> (/Users/new/Shopify-Test/src/authentication/auth.service.ts:8:1)
    at Module._compile (node:internal/modules/cjs/loader:1101:14)
    at Module.m._compile (/Users/new/Shopify-Test/node_modules/ts-node/src/index.ts:1056:23)
    at Module._extensions..js (node:internal/modules/cjs/loader:1153:10)
    at Object.require.extensions.<computed> [as .ts] (/Users/new/Shopify-Test/node_modules/ts-node/src/index.ts:1059:12)
    at Module.load (node:internal/modules/cjs/loader:981:32)
    at Function.Module._load (node:internal/modules/cjs/loader:822:12)
    at Module.require (node:internal/modules/cjs/loader:1005:19)
2021-12-30 23:43:40 error: uncaughtException: Cannot read properties of undefined (reading 'generateMnemonic')
TypeError: Cannot read properties of undefined (reading 'generateMnemonic')
    at Memonic (/Users/new/Shopify-Test/src/utils/utils.js:70:39)
    at Object.<anonymous> (/Users/new/Shopify-Test/src/utils/utils.js:96:21)
    at Module._compile (node:internal/modules/cjs/loader:1101:14)
    at Object.Module._extensions..js (node:internal/modules/cjs/loader:1153:10)
    at Module.load (node:internal/modules/cjs/loader:981:32)
    at Function.Module._load (node:internal/modules/cjs/loader:822:12)
    at Module.require (node:internal/modules/cjs/loader:1005:19)
    at require (node:internal/modules/cjs/helpers:102:18)
    at Object.<anonymous> (/Users/new/Shopify-Test/src/authentication/auth.service.ts:8:1)
    at Module._compile (node:internal/modules/cjs/loader:1101:14)
    at Module.m._compile (/Users/new/Shopify-Test/node_modules/ts-node/src/index.ts:1056:23)
    at Module._extensions..js (node:internal/modules/cjs/loader:1153:10)
    at Object.require.extensions.<computed> [as .ts] (/Users/new/Shopify-Test/node_modules/ts-node/src/index.ts:1059:12)
    at Module.load (node:internal/modules/cjs/loader:981:32)
    at Function.Module._load (node:internal/modules/cjs/loader:822:12)
    at Module.require (node:internal/modules/cjs/loader:1005:19)
2021-12-30 23:44:04 error: uncaughtException: Cannot read properties of undefined (reading 'generateMnemonic')
TypeError: Cannot read properties of undefined (reading 'generateMnemonic')
    at Memonic (/Users/new/Shopify-Test/src/utils/utils.js:70:39)
    at Object.<anonymous> (/Users/new/Shopify-Test/src/utils/utils.js:96:21)
    at Module._compile (node:internal/modules/cjs/loader:1101:14)
    at Object.Module._extensions..js (node:internal/modules/cjs/loader:1153:10)
    at Module.load (node:internal/modules/cjs/loader:981:32)
    at Function.Module._load (node:internal/modules/cjs/loader:822:12)
    at Module.require (node:internal/modules/cjs/loader:1005:19)
    at require (node:internal/modules/cjs/helpers:102:18)
    at Object.<anonymous> (/Users/new/Shopify-Test/src/authentication/auth.service.ts:8:1)
    at Module._compile (node:internal/modules/cjs/loader:1101:14)
    at Module.m._compile (/Users/new/Shopify-Test/node_modules/ts-node/src/index.ts:1056:23)
    at Module._extensions..js (node:internal/modules/cjs/loader:1153:10)
    at Object.require.extensions.<computed> [as .ts] (/Users/new/Shopify-Test/node_modules/ts-node/src/index.ts:1059:12)
    at Module.load (node:internal/modules/cjs/loader:981:32)
    at Function.Module._load (node:internal/modules/cjs/loader:822:12)
    at Module.require (node:internal/modules/cjs/loader:1005:19)
2021-12-30 23:44:09 error: uncaughtException: Cannot read properties of undefined (reading 'generateMnemonic')
TypeError: Cannot read properties of undefined (reading 'generateMnemonic')
    at Memonic (/Users/new/Shopify-Test/src/utils/utils.js:70:39)
    at Object.<anonymous> (/Users/new/Shopify-Test/src/utils/utils.js:96:21)
    at Module._compile (node:internal/modules/cjs/loader:1101:14)
    at Object.Module._extensions..js (node:internal/modules/cjs/loader:1153:10)
    at Module.load (node:internal/modules/cjs/loader:981:32)
    at Function.Module._load (node:internal/modules/cjs/loader:822:12)
    at Module.require (node:internal/modules/cjs/loader:1005:19)
    at require (node:internal/modules/cjs/helpers:102:18)
    at Object.<anonymous> (/Users/new/Shopify-Test/src/authentication/auth.service.ts:8:1)
    at Module._compile (node:internal/modules/cjs/loader:1101:14)
    at Module.m._compile (/Users/new/Shopify-Test/node_modules/ts-node/src/index.ts:1056:23)
    at Module._extensions..js (node:internal/modules/cjs/loader:1153:10)
    at Object.require.extensions.<computed> [as .ts] (/Users/new/Shopify-Test/node_modules/ts-node/src/index.ts:1059:12)
    at Module.load (node:internal/modules/cjs/loader:981:32)
    at Function.Module._load (node:internal/modules/cjs/loader:822:12)
    at Module.require (node:internal/modules/cjs/loader:1005:19)
2021-12-30 23:44:20 error: uncaughtException: Cannot read properties of undefined (reading 'generateMnemonic')
TypeError: Cannot read properties of undefined (reading 'generateMnemonic')
    at Memonic (/Users/new/Shopify-Test/src/utils/utils.js:70:39)
    at Object.<anonymous> (/Users/new/Shopify-Test/src/utils/utils.js:96:21)
    at Module._compile (node:internal/modules/cjs/loader:1101:14)
    at Object.Module._extensions..js (node:internal/modules/cjs/loader:1153:10)
    at Module.load (node:internal/modules/cjs/loader:981:32)
    at Function.Module._load (node:internal/modules/cjs/loader:822:12)
    at Module.require (node:internal/modules/cjs/loader:1005:19)
    at require (node:internal/modules/cjs/helpers:102:18)
    at Object.<anonymous> (/Users/new/Shopify-Test/src/authentication/auth.service.ts:8:1)
    at Module._compile (node:internal/modules/cjs/loader:1101:14)
    at Module.m._compile (/Users/new/Shopify-Test/node_modules/ts-node/src/index.ts:1056:23)
    at Module._extensions..js (node:internal/modules/cjs/loader:1153:10)
    at Object.require.extensions.<computed> [as .ts] (/Users/new/Shopify-Test/node_modules/ts-node/src/index.ts:1059:12)
    at Module.load (node:internal/modules/cjs/loader:981:32)
    at Function.Module._load (node:internal/modules/cjs/loader:822:12)
    at Module.require (node:internal/modules/cjs/loader:1005:19)
2021-12-30 23:45:16 error: uncaughtException: Cannot read properties of undefined (reading 'generateMnemonic')
TypeError: Cannot read properties of undefined (reading 'generateMnemonic')
    at Memonic (/Users/new/Shopify-Test/src/utils/utils.js:70:39)
    at Object.<anonymous> (/Users/new/Shopify-Test/src/utils/utils.js:96:21)
    at Module._compile (node:internal/modules/cjs/loader:1101:14)
    at Object.Module._extensions..js (node:internal/modules/cjs/loader:1153:10)
    at Module.load (node:internal/modules/cjs/loader:981:32)
    at Function.Module._load (node:internal/modules/cjs/loader:822:12)
    at Module.require (node:internal/modules/cjs/loader:1005:19)
    at require (node:internal/modules/cjs/helpers:102:18)
    at Object.<anonymous> (/Users/new/Shopify-Test/src/authentication/auth.service.ts:8:1)
    at Module._compile (node:internal/modules/cjs/loader:1101:14)
    at Module.m._compile (/Users/new/Shopify-Test/node_modules/ts-node/src/index.ts:1056:23)
    at Module._extensions..js (node:internal/modules/cjs/loader:1153:10)
    at Object.require.extensions.<computed> [as .ts] (/Users/new/Shopify-Test/node_modules/ts-node/src/index.ts:1059:12)
    at Module.load (node:internal/modules/cjs/loader:981:32)
    at Function.Module._load (node:internal/modules/cjs/loader:822:12)
    at Module.require (node:internal/modules/cjs/loader:1005:19)
2021-12-30 23:49:47 error: uncaughtException: Cannot read properties of undefined (reading 'generateMnemonic')
TypeError: Cannot read properties of undefined (reading 'generateMnemonic')
    at Memonic (/Users/new/Shopify-Test/src/utils/utils.js:70:39)
    at Object.<anonymous> (/Users/new/Shopify-Test/src/utils/utils.js:96:21)
    at Module._compile (node:internal/modules/cjs/loader:1101:14)
    at Object.Module._extensions..js (node:internal/modules/cjs/loader:1153:10)
    at Module.load (node:internal/modules/cjs/loader:981:32)
    at Function.Module._load (node:internal/modules/cjs/loader:822:12)
    at Module.require (node:internal/modules/cjs/loader:1005:19)
    at require (node:internal/modules/cjs/helpers:102:18)
    at Object.<anonymous> (/Users/new/Shopify-Test/src/authentication/auth.service.ts:8:1)
    at Module._compile (node:internal/modules/cjs/loader:1101:14)
    at Module.m._compile (/Users/new/Shopify-Test/node_modules/ts-node/src/index.ts:1056:23)
    at Module._extensions..js (node:internal/modules/cjs/loader:1153:10)
    at Object.require.extensions.<computed> [as .ts] (/Users/new/Shopify-Test/node_modules/ts-node/src/index.ts:1059:12)
    at Module.load (node:internal/modules/cjs/loader:981:32)
    at Function.Module._load (node:internal/modules/cjs/loader:822:12)
    at Module.require (node:internal/modules/cjs/loader:1005:19)
2021-12-30 23:54:53 error: uncaughtException: Cannot read properties of undefined (reading 'generateMnemonic')
TypeError: Cannot read properties of undefined (reading 'generateMnemonic')
    at Memonic (/Users/new/Shopify-Test/src/utils/utils.js:70:39)
    at Object.<anonymous> (/Users/new/Shopify-Test/src/utils/utils.js:96:21)
    at Module._compile (node:internal/modules/cjs/loader:1101:14)
    at Object.Module._extensions..js (node:internal/modules/cjs/loader:1153:10)
    at Module.load (node:internal/modules/cjs/loader:981:32)
    at Function.Module._load (node:internal/modules/cjs/loader:822:12)
    at Module.require (node:internal/modules/cjs/loader:1005:19)
    at require (node:internal/modules/cjs/helpers:102:18)
    at Object.<anonymous> (/Users/new/Shopify-Test/src/authentication/auth.service.ts:8:1)
    at Module._compile (node:internal/modules/cjs/loader:1101:14)
    at Module.m._compile (/Users/new/Shopify-Test/node_modules/ts-node/src/index.ts:1056:23)
    at Module._extensions..js (node:internal/modules/cjs/loader:1153:10)
    at Object.require.extensions.<computed> [as .ts] (/Users/new/Shopify-Test/node_modules/ts-node/src/index.ts:1059:12)
    at Module.load (node:internal/modules/cjs/loader:981:32)
    at Function.Module._load (node:internal/modules/cjs/loader:822:12)
    at Module.require (node:internal/modules/cjs/loader:1005:19)
2021-12-30 23:54:58 error: uncaughtException: Cannot read properties of undefined (reading 'generateMnemonic')
TypeError: Cannot read properties of undefined (reading 'generateMnemonic')
    at Memonic (/Users/new/Shopify-Test/src/utils/utils.js:70:39)
    at Object.<anonymous> (/Users/new/Shopify-Test/src/utils/utils.js:96:21)
    at Module._compile (node:internal/modules/cjs/loader:1101:14)
    at Object.Module._extensions..js (node:internal/modules/cjs/loader:1153:10)
    at Module.load (node:internal/modules/cjs/loader:981:32)
    at Function.Module._load (node:internal/modules/cjs/loader:822:12)
    at Module.require (node:internal/modules/cjs/loader:1005:19)
    at require (node:internal/modules/cjs/helpers:102:18)
    at Object.<anonymous> (/Users/new/Shopify-Test/src/authentication/auth.service.ts:8:1)
    at Module._compile (node:internal/modules/cjs/loader:1101:14)
    at Module.m._compile (/Users/new/Shopify-Test/node_modules/ts-node/src/index.ts:1056:23)
    at Module._extensions..js (node:internal/modules/cjs/loader:1153:10)
    at Object.require.extensions.<computed> [as .ts] (/Users/new/Shopify-Test/node_modules/ts-node/src/index.ts:1059:12)
    at Module.load (node:internal/modules/cjs/loader:981:32)
    at Function.Module._load (node:internal/modules/cjs/loader:822:12)
    at Module.require (node:internal/modules/cjs/loader:1005:19)
2021-12-30 23:55:05 error: uncaughtException: Cannot read properties of undefined (reading 'generateMnemonic')
TypeError: Cannot read properties of undefined (reading 'generateMnemonic')
    at Memonic (/Users/new/Shopify-Test/src/utils/utils.js:70:39)
    at Object.<anonymous> (/Users/new/Shopify-Test/src/utils/utils.js:96:21)
    at Module._compile (node:internal/modules/cjs/loader:1101:14)
    at Object.Module._extensions..js (node:internal/modules/cjs/loader:1153:10)
    at Module.load (node:internal/modules/cjs/loader:981:32)
    at Function.Module._load (node:internal/modules/cjs/loader:822:12)
    at Module.require (node:internal/modules/cjs/loader:1005:19)
    at require (node:internal/modules/cjs/helpers:102:18)
    at Object.<anonymous> (/Users/new/Shopify-Test/src/authentication/auth.service.ts:8:1)
    at Module._compile (node:internal/modules/cjs/loader:1101:14)
    at Module.m._compile (/Users/new/Shopify-Test/node_modules/ts-node/src/index.ts:1056:23)
    at Module._extensions..js (node:internal/modules/cjs/loader:1153:10)
    at Object.require.extensions.<computed> [as .ts] (/Users/new/Shopify-Test/node_modules/ts-node/src/index.ts:1059:12)
    at Module.load (node:internal/modules/cjs/loader:981:32)
    at Function.Module._load (node:internal/modules/cjs/loader:822:12)
    at Module.require (node:internal/modules/cjs/loader:1005:19)
2021-12-30 23:55:23 error: uncaughtException: Cannot read properties of undefined (reading 'generateMnemonic')
TypeError: Cannot read properties of undefined (reading 'generateMnemonic')
    at Memonic (/Users/new/Shopify-Test/src/utils/utils.js:70:39)
    at Object.<anonymous> (/Users/new/Shopify-Test/src/utils/utils.js:96:21)
    at Module._compile (node:internal/modules/cjs/loader:1101:14)
    at Object.Module._extensions..js (node:internal/modules/cjs/loader:1153:10)
    at Module.load (node:internal/modules/cjs/loader:981:32)
    at Function.Module._load (node:internal/modules/cjs/loader:822:12)
    at Module.require (node:internal/modules/cjs/loader:1005:19)
    at require (node:internal/modules/cjs/helpers:102:18)
    at Object.<anonymous> (/Users/new/Shopify-Test/src/authentication/auth.service.ts:8:1)
    at Module._compile (node:internal/modules/cjs/loader:1101:14)
    at Module.m._compile (/Users/new/Shopify-Test/node_modules/ts-node/src/index.ts:1056:23)
    at Module._extensions..js (node:internal/modules/cjs/loader:1153:10)
    at Object.require.extensions.<computed> [as .ts] (/Users/new/Shopify-Test/node_modules/ts-node/src/index.ts:1059:12)
    at Module.load (node:internal/modules/cjs/loader:981:32)
    at Function.Module._load (node:internal/modules/cjs/loader:822:12)
    at Module.require (node:internal/modules/cjs/loader:1005:19)
2021-12-30 23:55:30 error: uncaughtException: Cannot read properties of undefined (reading 'generateMnemonic')
TypeError: Cannot read properties of undefined (reading 'generateMnemonic')
    at Memonic (/Users/new/Shopify-Test/src/utils/utils.js:70:39)
    at Object.<anonymous> (/Users/new/Shopify-Test/src/utils/utils.js:96:21)
    at Module._compile (node:internal/modules/cjs/loader:1101:14)
    at Object.Module._extensions..js (node:internal/modules/cjs/loader:1153:10)
    at Module.load (node:internal/modules/cjs/loader:981:32)
    at Function.Module._load (node:internal/modules/cjs/loader:822:12)
    at Module.require (node:internal/modules/cjs/loader:1005:19)
    at require (node:internal/modules/cjs/helpers:102:18)
    at Object.<anonymous> (/Users/new/Shopify-Test/src/authentication/auth.service.ts:8:1)
    at Module._compile (node:internal/modules/cjs/loader:1101:14)
    at Module.m._compile (/Users/new/Shopify-Test/node_modules/ts-node/src/index.ts:1056:23)
    at Module._extensions..js (node:internal/modules/cjs/loader:1153:10)
    at Object.require.extensions.<computed> [as .ts] (/Users/new/Shopify-Test/node_modules/ts-node/src/index.ts:1059:12)
    at Module.load (node:internal/modules/cjs/loader:981:32)
    at Function.Module._load (node:internal/modules/cjs/loader:822:12)
    at Module.require (node:internal/modules/cjs/loader:1005:19)
2021-12-30 23:56:03 error: uncaughtException: Cannot read properties of undefined (reading 'generateMnemonic')
TypeError: Cannot read properties of undefined (reading 'generateMnemonic')
    at Memonic (/Users/new/Shopify-Test/src/utils/utils.js:70:39)
    at Object.<anonymous> (/Users/new/Shopify-Test/src/utils/utils.js:96:21)
    at Module._compile (node:internal/modules/cjs/loader:1101:14)
    at Object.Module._extensions..js (node:internal/modules/cjs/loader:1153:10)
    at Module.load (node:internal/modules/cjs/loader:981:32)
    at Function.Module._load (node:internal/modules/cjs/loader:822:12)
    at Module.require (node:internal/modules/cjs/loader:1005:19)
    at require (node:internal/modules/cjs/helpers:102:18)
    at Object.<anonymous> (/Users/new/Shopify-Test/src/authentication/auth.service.ts:8:1)
    at Module._compile (node:internal/modules/cjs/loader:1101:14)
    at Module.m._compile (/Users/new/Shopify-Test/node_modules/ts-node/src/index.ts:1056:23)
    at Module._extensions..js (node:internal/modules/cjs/loader:1153:10)
    at Object.require.extensions.<computed> [as .ts] (/Users/new/Shopify-Test/node_modules/ts-node/src/index.ts:1059:12)
    at Module.load (node:internal/modules/cjs/loader:981:32)
    at Function.Module._load (node:internal/modules/cjs/loader:822:12)
    at Module.require (node:internal/modules/cjs/loader:1005:19)
2021-12-30 23:56:17 error: uncaughtException: Cannot read properties of undefined (reading 'generateMnemonic')
TypeError: Cannot read properties of undefined (reading 'generateMnemonic')
    at Memonic (/Users/new/Shopify-Test/src/utils/utils.js:70:39)
    at Object.<anonymous> (/Users/new/Shopify-Test/src/utils/utils.js:96:21)
    at Module._compile (node:internal/modules/cjs/loader:1101:14)
    at Object.Module._extensions..js (node:internal/modules/cjs/loader:1153:10)
    at Module.load (node:internal/modules/cjs/loader:981:32)
    at Function.Module._load (node:internal/modules/cjs/loader:822:12)
    at Module.require (node:internal/modules/cjs/loader:1005:19)
    at require (node:internal/modules/cjs/helpers:102:18)
    at Object.<anonymous> (/Users/new/Shopify-Test/src/authentication/auth.service.ts:8:1)
    at Module._compile (node:internal/modules/cjs/loader:1101:14)
    at Module.m._compile (/Users/new/Shopify-Test/node_modules/ts-node/src/index.ts:1056:23)
    at Module._extensions..js (node:internal/modules/cjs/loader:1153:10)
    at Object.require.extensions.<computed> [as .ts] (/Users/new/Shopify-Test/node_modules/ts-node/src/index.ts:1059:12)
    at Module.load (node:internal/modules/cjs/loader:981:32)
    at Function.Module._load (node:internal/modules/cjs/loader:822:12)
    at Module.require (node:internal/modules/cjs/loader:1005:19)
2021-12-30 23:56:22 error: uncaughtException: Cannot read properties of undefined (reading 'generateMnemonic')
TypeError: Cannot read properties of undefined (reading 'generateMnemonic')
    at Memonic (/Users/new/Shopify-Test/src/utils/utils.js:70:39)
    at Object.<anonymous> (/Users/new/Shopify-Test/src/utils/utils.js:96:21)
    at Module._compile (node:internal/modules/cjs/loader:1101:14)
    at Object.Module._extensions..js (node:internal/modules/cjs/loader:1153:10)
    at Module.load (node:internal/modules/cjs/loader:981:32)
    at Function.Module._load (node:internal/modules/cjs/loader:822:12)
    at Module.require (node:internal/modules/cjs/loader:1005:19)
    at require (node:internal/modules/cjs/helpers:102:18)
    at Object.<anonymous> (/Users/new/Shopify-Test/src/authentication/auth.service.ts:8:1)
    at Module._compile (node:internal/modules/cjs/loader:1101:14)
    at Module.m._compile (/Users/new/Shopify-Test/node_modules/ts-node/src/index.ts:1056:23)
    at Module._extensions..js (node:internal/modules/cjs/loader:1153:10)
    at Object.require.extensions.<computed> [as .ts] (/Users/new/Shopify-Test/node_modules/ts-node/src/index.ts:1059:12)
    at Module.load (node:internal/modules/cjs/loader:981:32)
    at Function.Module._load (node:internal/modules/cjs/loader:822:12)
    at Module.require (node:internal/modules/cjs/loader:1005:19)
2021-12-30 23:59:11 error: uncaughtException: Cannot read properties of undefined (reading 'generateMnemonic')
TypeError: Cannot read properties of undefined (reading 'generateMnemonic')
    at Memonic (/Users/new/Shopify-Test/src/utils/utils.js:70:39)
    at Object.<anonymous> (/Users/new/Shopify-Test/src/utils/utils.js:96:21)
    at Module._compile (node:internal/modules/cjs/loader:1101:14)
    at Object.Module._extensions..js (node:internal/modules/cjs/loader:1153:10)
    at Module.load (node:internal/modules/cjs/loader:981:32)
    at Function.Module._load (node:internal/modules/cjs/loader:822:12)
    at Module.require (node:internal/modules/cjs/loader:1005:19)
    at require (node:internal/modules/cjs/helpers:102:18)
    at Object.<anonymous> (/Users/new/Shopify-Test/src/authentication/auth.service.ts:8:1)
    at Module._compile (node:internal/modules/cjs/loader:1101:14)
    at Module.m._compile (/Users/new/Shopify-Test/node_modules/ts-node/src/index.ts:1056:23)
    at Module._extensions..js (node:internal/modules/cjs/loader:1153:10)
    at Object.require.extensions.<computed> [as .ts] (/Users/new/Shopify-Test/node_modules/ts-node/src/index.ts:1059:12)
    at Module.load (node:internal/modules/cjs/loader:981:32)
    at Function.Module._load (node:internal/modules/cjs/loader:822:12)
    at Module.require (node:internal/modules/cjs/loader:1005:19)
2021-12-30 23:59:15 error: uncaughtException: Cannot read properties of undefined (reading 'generateMnemonic')
TypeError: Cannot read properties of undefined (reading 'generateMnemonic')
    at Memonic (/Users/new/Shopify-Test/src/utils/utils.js:70:39)
    at Object.<anonymous> (/Users/new/Shopify-Test/src/utils/utils.js:96:21)
    at Module._compile (node:internal/modules/cjs/loader:1101:14)
    at Object.Module._extensions..js (node:internal/modules/cjs/loader:1153:10)
    at Module.load (node:internal/modules/cjs/loader:981:32)
    at Function.Module._load (node:internal/modules/cjs/loader:822:12)
    at Module.require (node:internal/modules/cjs/loader:1005:19)
    at require (node:internal/modules/cjs/helpers:102:18)
    at Object.<anonymous> (/Users/new/Shopify-Test/src/authentication/auth.service.ts:8:1)
    at Module._compile (node:internal/modules/cjs/loader:1101:14)
    at Module.m._compile (/Users/new/Shopify-Test/node_modules/ts-node/src/index.ts:1056:23)
    at Module._extensions..js (node:internal/modules/cjs/loader:1153:10)
    at Object.require.extensions.<computed> [as .ts] (/Users/new/Shopify-Test/node_modules/ts-node/src/index.ts:1059:12)
    at Module.load (node:internal/modules/cjs/loader:981:32)
    at Function.Module._load (node:internal/modules/cjs/loader:822:12)
    at Module.require (node:internal/modules/cjs/loader:1005:19)
2021-12-30 23:59:22 error: uncaughtException: Cannot read properties of undefined (reading 'generateMnemonic')
TypeError: Cannot read properties of undefined (reading 'generateMnemonic')
    at Memonic (/Users/new/Shopify-Test/src/utils/utils.js:70:39)
    at Object.<anonymous> (/Users/new/Shopify-Test/src/utils/utils.js:96:21)
    at Module._compile (node:internal/modules/cjs/loader:1101:14)
    at Object.Module._extensions..js (node:internal/modules/cjs/loader:1153:10)
    at Module.load (node:internal/modules/cjs/loader:981:32)
    at Function.Module._load (node:internal/modules/cjs/loader:822:12)
    at Module.require (node:internal/modules/cjs/loader:1005:19)
    at require (node:internal/modules/cjs/helpers:102:18)
    at Object.<anonymous> (/Users/new/Shopify-Test/src/authentication/auth.service.ts:8:1)
    at Module._compile (node:internal/modules/cjs/loader:1101:14)
    at Module.m._compile (/Users/new/Shopify-Test/node_modules/ts-node/src/index.ts:1056:23)
    at Module._extensions..js (node:internal/modules/cjs/loader:1153:10)
    at Object.require.extensions.<computed> [as .ts] (/Users/new/Shopify-Test/node_modules/ts-node/src/index.ts:1059:12)
    at Module.load (node:internal/modules/cjs/loader:981:32)
    at Function.Module._load (node:internal/modules/cjs/loader:822:12)
    at Module.require (node:internal/modules/cjs/loader:1005:19)
